2023-07-04 23:32:00,098 | train | INFO | Set Logger C:\Users\EHmin\Fake_or_Real\baseline\results\train\20230704_233200
2023-07-04 23:32:00,417 | train | INFO | Load data, train:57000 val:1000
2023-07-04 23:32:00,777 | train | INFO | Initiated early stopper, mode: max, best score: inf, patience: 10
2023-07-04 23:32:00,792 | train | INFO | --Train 0/20
2023-07-04 23:32:13,800 | train | INFO | batch: 0/1781 loss: 0.7237704992294312
2023-07-04 23:33:30,737 | train | INFO | batch: 100/1781 loss: 0.3158405125141144
2023-07-04 23:34:45,969 | train | INFO | batch: 200/1781 loss: 0.07500328123569489
2023-07-04 23:36:01,943 | train | INFO | batch: 300/1781 loss: 0.34461963176727295
2023-07-04 23:37:17,917 | train | INFO | batch: 400/1781 loss: 0.11840320378541946
2023-07-04 23:38:34,295 | train | INFO | batch: 500/1781 loss: 0.19675883650779724
2023-07-04 23:39:50,110 | train | INFO | batch: 600/1781 loss: 0.0761602520942688
2023-07-04 23:41:05,769 | train | INFO | batch: 700/1781 loss: 0.10533350706100464
2023-07-04 23:42:23,042 | train | INFO | batch: 800/1781 loss: 0.06371414661407471
2023-07-04 23:43:38,410 | train | INFO | batch: 900/1781 loss: 0.0661037266254425
2023-07-04 23:44:53,592 | train | INFO | batch: 1000/1781 loss: 0.16644662618637085
2023-07-04 23:46:10,831 | train | INFO | batch: 1100/1781 loss: 0.07929694652557373
2023-07-04 23:47:25,706 | train | INFO | batch: 1200/1781 loss: 0.18641558289527893
2023-07-04 23:48:40,278 | train | INFO | batch: 1300/1781 loss: 0.12980586290359497
2023-07-04 23:49:54,172 | train | INFO | batch: 1400/1781 loss: 0.054022904485464096
2023-07-04 23:51:08,439 | train | INFO | batch: 1500/1781 loss: 0.13266165554523468
2023-07-04 23:52:22,993 | train | INFO | batch: 1600/1781 loss: 0.19271615147590637
2023-07-04 23:53:36,759 | train | INFO | batch: 1700/1781 loss: 0.05565948784351349
2023-07-04 23:54:36,327 | train | INFO | --Val 0/20
2023-07-04 23:54:46,057 | train | INFO | batch: 0/31 loss: 0.05997580662369728
2023-07-04 23:55:00,491 | train | INFO | Write row 0
2023-07-04 23:55:01,814 | train | INFO | Early stopper, counter 0/10, best:0.9818548387096774 -> now:0.9818548387096774
2023-07-04 23:55:01,814 | train | INFO | Set counter as 0
2023-07-04 23:55:01,814 | train | INFO | Update best score as 0.9818548387096774
2023-07-04 23:55:02,038 | train | INFO | Recorder, epoch 0 Model saved: C:\Users\EHmin\Fake_or_Real\baseline\results\train\20230704_233200\model.pt
2023-07-04 23:55:02,038 | train | INFO | --Train 1/20
2023-07-04 23:55:10,959 | train | INFO | batch: 0/1781 loss: 0.2430037260055542
2023-07-04 23:56:26,506 | train | INFO | batch: 100/1781 loss: 0.07958132773637772
2023-07-04 23:57:42,138 | train | INFO | batch: 200/1781 loss: 0.05038926750421524
2023-07-04 23:58:55,992 | train | INFO | batch: 300/1781 loss: 0.020917436107993126
2023-07-05 00:00:11,806 | train | INFO | batch: 400/1781 loss: 0.03643520921468735
2023-07-05 00:01:27,422 | train | INFO | batch: 500/1781 loss: 0.09430798888206482
2023-07-05 00:02:42,266 | train | INFO | batch: 600/1781 loss: 0.27620601654052734
2023-07-05 00:03:57,096 | train | INFO | batch: 700/1781 loss: 0.12461291253566742
2023-07-05 00:05:11,455 | train | INFO | batch: 800/1781 loss: 0.014533273875713348
2023-07-05 00:06:26,286 | train | INFO | batch: 900/1781 loss: 0.05718538537621498
2023-07-05 00:07:40,729 | train | INFO | batch: 1000/1781 loss: 0.20056387782096863
2023-07-05 00:08:55,255 | train | INFO | batch: 1100/1781 loss: 0.08895467221736908
2023-07-05 00:10:09,611 | train | INFO | batch: 1200/1781 loss: 0.07874207198619843
2023-07-05 00:11:24,800 | train | INFO | batch: 1300/1781 loss: 0.02885882370173931
2023-07-05 00:12:38,504 | train | INFO | batch: 1400/1781 loss: 0.23998598754405975
2023-07-05 00:13:52,167 | train | INFO | batch: 1500/1781 loss: 0.09687849879264832
2023-07-05 00:15:06,130 | train | INFO | batch: 1600/1781 loss: 0.05033344030380249
2023-07-05 00:16:20,419 | train | INFO | batch: 1700/1781 loss: 0.01254885271191597
2023-07-05 00:17:21,252 | train | INFO | --Val 1/20
2023-07-05 00:17:31,243 | train | INFO | batch: 0/31 loss: 0.03710273280739784
2023-07-05 00:17:45,405 | train | INFO | Write row 1
2023-07-05 00:17:46,672 | train | INFO | Early stopper, counter 0/10, best:0.9848790322580645 -> now:0.9848790322580645
2023-07-05 00:17:46,672 | train | INFO | Set counter as 0
2023-07-05 00:17:46,672 | train | INFO | Update best score as 0.9848790322580645
2023-07-05 00:17:46,929 | train | INFO | Recorder, epoch 1 Model saved: C:\Users\EHmin\Fake_or_Real\baseline\results\train\20230704_233200\model.pt
2023-07-05 00:17:46,929 | train | INFO | --Train 2/20
2023-07-05 00:17:55,909 | train | INFO | batch: 0/1781 loss: 0.05357176437973976
2023-07-05 00:19:10,201 | train | INFO | batch: 100/1781 loss: 0.04555231332778931
2023-07-05 00:20:25,611 | train | INFO | batch: 200/1781 loss: 0.0753583312034607
2023-07-05 00:21:40,541 | train | INFO | batch: 300/1781 loss: 0.00630719680339098
2023-07-05 00:22:54,550 | train | INFO | batch: 400/1781 loss: 0.15147095918655396
2023-07-05 00:24:08,795 | train | INFO | batch: 500/1781 loss: 0.07647688686847687
2023-07-05 00:25:23,622 | train | INFO | batch: 600/1781 loss: 0.050361268222332
2023-07-05 00:26:37,477 | train | INFO | batch: 700/1781 loss: 0.032690685242414474
2023-07-05 00:27:51,875 | train | INFO | batch: 800/1781 loss: 0.0756237804889679
2023-07-05 00:29:06,293 | train | INFO | batch: 900/1781 loss: 0.05800199508666992
2023-07-05 00:30:21,118 | train | INFO | batch: 1000/1781 loss: 0.008907354436814785
2023-07-05 00:31:35,843 | train | INFO | batch: 1100/1781 loss: 0.15398097038269043
2023-07-05 00:32:49,757 | train | INFO | batch: 1200/1781 loss: 0.05550821125507355
2023-07-05 00:34:03,882 | train | INFO | batch: 1300/1781 loss: 0.0874251276254654
2023-07-05 00:35:19,558 | train | INFO | batch: 1400/1781 loss: 0.1073058545589447
2023-07-05 00:36:35,083 | train | INFO | batch: 1500/1781 loss: 0.022228576242923737
2023-07-05 00:37:49,409 | train | INFO | batch: 1600/1781 loss: 0.12832802534103394
2023-07-05 00:39:03,379 | train | INFO | batch: 1700/1781 loss: 0.04394901171326637
2023-07-05 00:40:05,902 | train | INFO | --Val 2/20
2023-07-05 00:40:15,637 | train | INFO | batch: 0/31 loss: 0.011129684746265411
2023-07-05 00:40:30,113 | train | INFO | Write row 2
2023-07-05 00:40:31,432 | train | INFO | Early stopper, counter 1/10, best:0.9848790322580645 -> now:0.9798387096774194
2023-07-05 00:40:31,432 | train | INFO | --Train 3/20
2023-07-05 00:40:40,490 | train | INFO | batch: 0/1781 loss: 0.0646870881319046
2023-07-05 00:41:56,948 | train | INFO | batch: 100/1781 loss: 0.01240785326808691
2023-07-05 00:43:12,252 | train | INFO | batch: 200/1781 loss: 0.028301693499088287
2023-07-05 00:44:27,672 | train | INFO | batch: 300/1781 loss: 0.2087877243757248
2023-07-05 00:45:43,415 | train | INFO | batch: 400/1781 loss: 0.0836711972951889
2023-07-05 00:46:59,860 | train | INFO | batch: 500/1781 loss: 0.08900099992752075
2023-07-05 00:48:14,728 | train | INFO | batch: 600/1781 loss: 0.039471399039030075
2023-07-05 00:49:29,566 | train | INFO | batch: 700/1781 loss: 0.04821964353322983
2023-07-05 00:50:44,103 | train | INFO | batch: 800/1781 loss: 0.0019973297603428364
2023-07-05 00:51:58,405 | train | INFO | batch: 900/1781 loss: 0.09166380763053894
2023-07-05 00:53:13,309 | train | INFO | batch: 1000/1781 loss: 0.08745352923870087
2023-07-05 00:54:27,935 | train | INFO | batch: 1100/1781 loss: 0.08724059909582138
2023-07-05 00:55:41,888 | train | INFO | batch: 1200/1781 loss: 0.05917409062385559
2023-07-05 00:56:56,717 | train | INFO | batch: 1300/1781 loss: 0.052139464765787125
2023-07-05 00:58:10,321 | train | INFO | batch: 1400/1781 loss: 0.04349777102470398
2023-07-05 00:59:25,370 | train | INFO | batch: 1500/1781 loss: 0.012650623917579651
2023-07-05 01:00:40,395 | train | INFO | batch: 1600/1781 loss: 0.05101662874221802
2023-07-05 01:01:54,330 | train | INFO | batch: 1700/1781 loss: 0.06242520734667778
2023-07-05 01:02:54,724 | train | INFO | --Val 3/20
2023-07-05 01:03:04,836 | train | INFO | batch: 0/31 loss: 0.006807057186961174
2023-07-05 01:03:19,849 | train | INFO | Write row 3
2023-07-05 01:03:21,182 | train | INFO | Early stopper, counter 0/10, best:0.9879032258064516 -> now:0.9879032258064516
2023-07-05 01:03:21,182 | train | INFO | Set counter as 0
2023-07-05 01:03:21,182 | train | INFO | Update best score as 0.9879032258064516
2023-07-05 01:03:21,416 | train | INFO | Recorder, epoch 3 Model saved: C:\Users\EHmin\Fake_or_Real\baseline\results\train\20230704_233200\model.pt
2023-07-05 01:03:21,416 | train | INFO | --Train 4/20
2023-07-05 01:03:30,293 | train | INFO | batch: 0/1781 loss: 0.010364064946770668
2023-07-05 01:04:44,944 | train | INFO | batch: 100/1781 loss: 0.16826528310775757
2023-07-05 01:05:58,949 | train | INFO | batch: 200/1781 loss: 0.013967958278954029
2023-07-05 01:07:14,237 | train | INFO | batch: 300/1781 loss: 0.006980348378419876
2023-07-05 01:08:28,255 | train | INFO | batch: 400/1781 loss: 0.005160537548363209
2023-07-05 01:09:43,266 | train | INFO | batch: 500/1781 loss: 0.023533619940280914
2023-07-05 01:10:58,556 | train | INFO | batch: 600/1781 loss: 0.02282235398888588
2023-07-05 01:12:14,434 | train | INFO | batch: 700/1781 loss: 0.015532154589891434
2023-07-05 01:13:28,050 | train | INFO | batch: 800/1781 loss: 0.0005372025771066546
2023-07-05 01:14:42,941 | train | INFO | batch: 900/1781 loss: 0.054147664457559586
2023-07-05 01:15:58,658 | train | INFO | batch: 1000/1781 loss: 0.01227614562958479
2023-07-05 01:17:13,208 | train | INFO | batch: 1100/1781 loss: 0.021224573254585266
2023-07-05 01:18:27,955 | train | INFO | batch: 1200/1781 loss: 0.011404294520616531
2023-07-05 01:19:42,098 | train | INFO | batch: 1300/1781 loss: 0.21427081525325775
2023-07-05 01:20:57,169 | train | INFO | batch: 1400/1781 loss: 0.011035600677132607
2023-07-05 01:22:11,580 | train | INFO | batch: 1500/1781 loss: 0.002339677419513464
2023-07-05 01:23:25,568 | train | INFO | batch: 1600/1781 loss: 0.04480406641960144
2023-07-05 01:24:39,801 | train | INFO | batch: 1700/1781 loss: 0.04259176924824715
2023-07-05 01:25:40,087 | train | INFO | --Val 4/20
2023-07-05 01:25:49,997 | train | INFO | batch: 0/31 loss: 0.07024842500686646
2023-07-05 01:26:04,286 | train | INFO | Write row 4
2023-07-05 01:26:05,608 | train | INFO | Early stopper, counter 1/10, best:0.9879032258064516 -> now:0.9808467741935484
2023-07-05 01:26:05,608 | train | INFO | --Train 5/20
2023-07-05 01:26:14,434 | train | INFO | batch: 0/1781 loss: 0.029145313426852226
2023-07-05 01:27:29,300 | train | INFO | batch: 100/1781 loss: 0.015001422725617886
2023-07-05 01:28:44,167 | train | INFO | batch: 200/1781 loss: 0.03989085927605629
2023-07-05 01:29:59,203 | train | INFO | batch: 300/1781 loss: 0.08135326206684113
2023-07-05 01:31:13,453 | train | INFO | batch: 400/1781 loss: 0.028988979756832123
2023-07-05 01:32:27,569 | train | INFO | batch: 500/1781 loss: 0.025387436151504517
2023-07-05 01:33:42,396 | train | INFO | batch: 600/1781 loss: 0.026568587869405746
2023-07-05 01:34:56,759 | train | INFO | batch: 700/1781 loss: 0.07953479886054993
2023-07-05 01:36:09,941 | train | INFO | batch: 800/1781 loss: 0.0139875253662467
2023-07-05 01:37:25,632 | train | INFO | batch: 900/1781 loss: 0.016669686883687973
2023-07-05 01:38:39,963 | train | INFO | batch: 1000/1781 loss: 0.04166415333747864
2023-07-05 01:39:54,009 | train | INFO | batch: 1100/1781 loss: 0.0028100565541535616
2023-07-05 01:41:08,521 | train | INFO | batch: 1200/1781 loss: 0.005562070291489363
2023-07-05 01:42:27,322 | train | INFO | batch: 1300/1781 loss: 0.01034733559936285
2023-07-05 01:43:49,238 | train | INFO | batch: 1400/1781 loss: 0.005322866141796112
2023-07-05 01:45:10,091 | train | INFO | batch: 1500/1781 loss: 0.07821372151374817
2023-07-05 01:46:31,691 | train | INFO | batch: 1600/1781 loss: 0.17487746477127075
2023-07-05 01:47:52,551 | train | INFO | batch: 1700/1781 loss: 0.027743037790060043
2023-07-05 01:48:58,866 | train | INFO | --Val 5/20
2023-07-05 01:49:09,931 | train | INFO | batch: 0/31 loss: 0.005429944023489952
2023-07-05 01:49:25,394 | train | INFO | Write row 5
2023-07-05 01:49:26,875 | train | INFO | Early stopper, counter 0/10, best:0.9899193548387096 -> now:0.9899193548387096
2023-07-05 01:49:26,875 | train | INFO | Set counter as 0
2023-07-05 01:49:26,875 | train | INFO | Update best score as 0.9899193548387096
2023-07-05 01:49:27,098 | train | INFO | Recorder, epoch 5 Model saved: C:\Users\EHmin\Fake_or_Real\baseline\results\train\20230704_233200\model.pt
2023-07-05 01:49:27,098 | train | INFO | --Train 6/20
2023-07-05 01:49:37,020 | train | INFO | batch: 0/1781 loss: 0.007449408993124962
2023-07-05 01:50:59,039 | train | INFO | batch: 100/1781 loss: 0.02732130140066147
2023-07-05 01:52:20,974 | train | INFO | batch: 200/1781 loss: 0.0031721622217446566
2023-07-05 01:53:42,208 | train | INFO | batch: 300/1781 loss: 0.008865272626280785
2023-07-05 01:55:04,013 | train | INFO | batch: 400/1781 loss: 0.03676798567175865
2023-07-05 01:56:23,592 | train | INFO | batch: 500/1781 loss: 0.1431659609079361
2023-07-05 01:57:45,467 | train | INFO | batch: 600/1781 loss: 0.003790161106735468
2023-07-05 01:59:04,986 | train | INFO | batch: 700/1781 loss: 0.014918066561222076
2023-07-05 02:00:19,152 | train | INFO | batch: 800/1781 loss: 0.009125200100243092
2023-07-05 02:01:33,104 | train | INFO | batch: 900/1781 loss: 0.09357450902462006
2023-07-05 02:02:47,146 | train | INFO | batch: 1000/1781 loss: 0.003909779246896505
2023-07-05 02:04:00,143 | train | INFO | batch: 1100/1781 loss: 0.011040209792554379
2023-07-05 02:05:14,074 | train | INFO | batch: 1200/1781 loss: 0.009662846103310585
2023-07-05 02:06:28,242 | train | INFO | batch: 1300/1781 loss: 0.07149727642536163
2023-07-05 02:07:41,567 | train | INFO | batch: 1400/1781 loss: 0.03051585704088211
2023-07-05 02:08:54,998 | train | INFO | batch: 1500/1781 loss: 0.003252148162573576
2023-07-05 02:10:08,871 | train | INFO | batch: 1600/1781 loss: 0.018515389412641525
2023-07-05 02:11:23,262 | train | INFO | batch: 1700/1781 loss: 0.06420113146305084
2023-07-05 02:12:24,105 | train | INFO | --Val 6/20
2023-07-05 02:12:35,049 | train | INFO | batch: 0/31 loss: 0.006617582868784666
2023-07-05 02:12:49,557 | train | INFO | Write row 6
2023-07-05 02:12:50,954 | train | INFO | Early stopper, counter 1/10, best:0.9899193548387096 -> now:0.9889112903225806
2023-07-05 02:12:50,954 | train | INFO | --Train 7/20
2023-07-05 02:12:59,898 | train | INFO | batch: 0/1781 loss: 0.0015682164812460542
2023-07-05 02:14:14,353 | train | INFO | batch: 100/1781 loss: 0.0164786409586668
2023-07-05 02:15:28,559 | train | INFO | batch: 200/1781 loss: 0.0811808630824089
2023-07-05 02:16:42,460 | train | INFO | batch: 300/1781 loss: 0.11853140592575073
2023-07-05 02:17:56,665 | train | INFO | batch: 400/1781 loss: 0.014583279378712177
2023-07-05 02:19:10,287 | train | INFO | batch: 500/1781 loss: 0.020652728155255318
2023-07-05 02:20:24,119 | train | INFO | batch: 600/1781 loss: 0.12344624102115631
2023-07-05 02:21:37,226 | train | INFO | batch: 700/1781 loss: 0.12411103397607803
2023-07-05 02:22:51,775 | train | INFO | batch: 800/1781 loss: 0.02049943432211876
2023-07-05 02:24:04,976 | train | INFO | batch: 900/1781 loss: 0.15924307703971863
2023-07-05 02:25:19,243 | train | INFO | batch: 1000/1781 loss: 0.013928288593888283
2023-07-05 02:26:33,350 | train | INFO | batch: 1100/1781 loss: 0.020337006077170372
2023-07-05 02:27:47,000 | train | INFO | batch: 1200/1781 loss: 0.019518405199050903
2023-07-05 02:29:00,317 | train | INFO | batch: 1300/1781 loss: 0.0020829481072723866
2023-07-05 02:30:13,750 | train | INFO | batch: 1400/1781 loss: 0.0008253486594185233
2023-07-05 02:31:27,893 | train | INFO | batch: 1500/1781 loss: 0.022397825494408607
2023-07-05 02:32:41,302 | train | INFO | batch: 1600/1781 loss: 0.013193335384130478
2023-07-05 02:33:54,860 | train | INFO | batch: 1700/1781 loss: 0.003048347309231758
2023-07-05 02:34:54,886 | train | INFO | --Val 7/20
2023-07-05 02:35:04,603 | train | INFO | batch: 0/31 loss: 0.03409412503242493
2023-07-05 02:35:18,663 | train | INFO | Write row 7
2023-07-05 02:35:20,168 | train | INFO | Early stopper, counter 2/10, best:0.9899193548387096 -> now:0.9848790322580645
2023-07-05 02:35:20,168 | train | INFO | --Train 8/20
2023-07-05 02:35:29,006 | train | INFO | batch: 0/1781 loss: 0.01367389690130949
2023-07-05 02:36:41,754 | train | INFO | batch: 100/1781 loss: 0.012080966494977474
2023-07-05 02:37:55,739 | train | INFO | batch: 200/1781 loss: 0.008635965175926685
2023-07-05 02:39:10,997 | train | INFO | batch: 300/1781 loss: 0.009396719746291637
2023-07-05 02:40:25,310 | train | INFO | batch: 400/1781 loss: 0.0014378721825778484
2023-07-05 02:41:39,150 | train | INFO | batch: 500/1781 loss: 0.050209298729896545
2023-07-05 02:42:53,445 | train | INFO | batch: 600/1781 loss: 0.0017782836221158504
2023-07-05 02:44:07,957 | train | INFO | batch: 700/1781 loss: 0.09644096344709396
2023-07-05 02:45:22,349 | train | INFO | batch: 800/1781 loss: 0.02993173711001873
2023-07-05 02:46:41,021 | train | INFO | batch: 900/1781 loss: 0.03333476930856705
2023-07-05 02:47:55,837 | train | INFO | batch: 1000/1781 loss: 0.001728737261146307
2023-07-05 02:49:10,706 | train | INFO | batch: 1100/1781 loss: 0.004534728359431028
2023-07-05 02:50:25,613 | train | INFO | batch: 1200/1781 loss: 0.0012164178770035505
2023-07-05 02:51:39,554 | train | INFO | batch: 1300/1781 loss: 0.024500379338860512
2023-07-05 02:52:55,219 | train | INFO | batch: 1400/1781 loss: 0.04026719182729721
2023-07-05 02:54:11,218 | train | INFO | batch: 1500/1781 loss: 0.09336166083812714
2023-07-05 02:55:26,050 | train | INFO | batch: 1600/1781 loss: 0.10738133639097214
2023-07-05 02:56:40,944 | train | INFO | batch: 1700/1781 loss: 0.001538773998618126
2023-07-05 02:57:42,064 | train | INFO | --Val 8/20
2023-07-05 02:57:52,900 | train | INFO | batch: 0/31 loss: 0.003279280848801136
2023-07-05 02:58:07,488 | train | INFO | Write row 8
2023-07-05 02:58:08,855 | train | INFO | Early stopper, counter 3/10, best:0.9899193548387096 -> now:0.9848790322580645
2023-07-05 02:58:08,855 | train | INFO | --Train 9/20
2023-07-05 02:58:17,755 | train | INFO | batch: 0/1781 loss: 0.003041233168914914
2023-07-05 02:59:31,994 | train | INFO | batch: 100/1781 loss: 0.007060956209897995
2023-07-05 03:00:47,147 | train | INFO | batch: 200/1781 loss: 0.115128293633461
2023-07-05 03:02:01,078 | train | INFO | batch: 300/1781 loss: 0.0019143858226016164
2023-07-05 03:03:16,399 | train | INFO | batch: 400/1781 loss: 0.0034668967127799988
2023-07-05 03:04:30,769 | train | INFO | batch: 500/1781 loss: 0.113462895154953
2023-07-05 03:05:45,262 | train | INFO | batch: 600/1781 loss: 0.04854550212621689
2023-07-05 03:06:59,108 | train | INFO | batch: 700/1781 loss: 0.018735237419605255
2023-07-05 03:08:13,757 | train | INFO | batch: 800/1781 loss: 0.018181264400482178
2023-07-05 03:09:27,911 | train | INFO | batch: 900/1781 loss: 0.017191575840115547
2023-07-05 03:10:42,060 | train | INFO | batch: 1000/1781 loss: 0.017889928072690964
2023-07-05 03:11:56,700 | train | INFO | batch: 1100/1781 loss: 0.1241154745221138
2023-07-05 03:13:10,545 | train | INFO | batch: 1200/1781 loss: 0.000305621768347919
2023-07-05 03:14:23,572 | train | INFO | batch: 1300/1781 loss: 0.0512402318418026
2023-07-05 03:15:36,865 | train | INFO | batch: 1400/1781 loss: 0.13557744026184082
2023-07-05 03:16:52,083 | train | INFO | batch: 1500/1781 loss: 0.016839517280459404
2023-07-05 03:18:06,761 | train | INFO | batch: 1600/1781 loss: 0.018323848024010658
2023-07-05 03:19:20,343 | train | INFO | batch: 1700/1781 loss: 0.0363202840089798
2023-07-05 03:20:21,178 | train | INFO | --Val 9/20
2023-07-05 03:20:31,075 | train | INFO | batch: 0/31 loss: 0.0014888789737597108
2023-07-05 03:20:45,199 | train | INFO | Write row 9
2023-07-05 03:20:46,585 | train | INFO | Early stopper, counter 0/10, best:0.9919354838709677 -> now:0.9919354838709677
2023-07-05 03:20:46,585 | train | INFO | Set counter as 0
2023-07-05 03:20:46,585 | train | INFO | Update best score as 0.9919354838709677
2023-07-05 03:20:46,835 | train | INFO | Recorder, epoch 9 Model saved: C:\Users\EHmin\Fake_or_Real\baseline\results\train\20230704_233200\model.pt
2023-07-05 03:20:46,835 | train | INFO | --Train 10/20
2023-07-05 03:20:55,745 | train | INFO | batch: 0/1781 loss: 0.009182527661323547
2023-07-05 03:22:09,252 | train | INFO | batch: 100/1781 loss: 0.0035262347664684057
2023-07-05 03:23:23,784 | train | INFO | batch: 200/1781 loss: 0.0038170909974724054
2023-07-05 03:24:38,557 | train | INFO | batch: 300/1781 loss: 0.0003837302792817354
2023-07-05 03:25:53,309 | train | INFO | batch: 400/1781 loss: 0.11456499248743057
2023-07-05 03:27:08,169 | train | INFO | batch: 500/1781 loss: 0.0013785724295303226
2023-07-05 03:28:23,765 | train | INFO | batch: 600/1781 loss: 0.03741970285773277
2023-07-05 03:29:38,392 | train | INFO | batch: 700/1781 loss: 0.01110247801989317
2023-07-05 03:30:52,950 | train | INFO | batch: 800/1781 loss: 0.0003968668170273304
2023-07-05 03:32:07,091 | train | INFO | batch: 900/1781 loss: 0.0038333919364959
2023-07-05 03:33:21,858 | train | INFO | batch: 1000/1781 loss: 0.007355420850217342
2023-07-05 03:34:36,004 | train | INFO | batch: 1100/1781 loss: 0.0035780821926891804
2023-07-05 03:35:50,530 | train | INFO | batch: 1200/1781 loss: 0.0635654479265213
2023-07-05 03:37:04,251 | train | INFO | batch: 1300/1781 loss: 0.0020969263277947903
2023-07-05 03:38:18,497 | train | INFO | batch: 1400/1781 loss: 0.09048691391944885
2023-07-05 03:39:32,568 | train | INFO | batch: 1500/1781 loss: 0.013349262997508049
2023-07-05 03:40:46,278 | train | INFO | batch: 1600/1781 loss: 0.012365186586976051
2023-07-05 03:42:00,651 | train | INFO | batch: 1700/1781 loss: 0.0023097048979252577
2023-07-05 03:43:01,964 | train | INFO | --Val 10/20
2023-07-05 03:43:12,063 | train | INFO | batch: 0/31 loss: 0.016016896814107895
2023-07-05 03:43:26,169 | train | INFO | Write row 10
2023-07-05 03:43:27,652 | train | INFO | Early stopper, counter 1/10, best:0.9919354838709677 -> now:0.9889112903225806
2023-07-05 03:43:27,652 | train | INFO | --Train 11/20
2023-07-05 03:43:36,546 | train | INFO | batch: 0/1781 loss: 0.19952502846717834
2023-07-05 03:44:51,364 | train | INFO | batch: 100/1781 loss: 0.0046014864929020405
2023-07-05 03:46:06,270 | train | INFO | batch: 200/1781 loss: 0.1886507123708725
2023-07-05 03:47:21,722 | train | INFO | batch: 300/1781 loss: 0.004219322465360165
2023-07-05 03:48:37,037 | train | INFO | batch: 400/1781 loss: 0.016352523118257523
2023-07-05 03:49:51,094 | train | INFO | batch: 500/1781 loss: 0.0010610762983560562
2023-07-05 03:51:04,789 | train | INFO | batch: 600/1781 loss: 0.00014570426719728857
2023-07-05 03:52:19,379 | train | INFO | batch: 700/1781 loss: 0.01180590782314539
2023-07-05 03:53:32,598 | train | INFO | batch: 800/1781 loss: 0.004603669047355652
2023-07-05 03:54:47,080 | train | INFO | batch: 900/1781 loss: 0.005441813729703426
2023-07-05 03:56:00,631 | train | INFO | batch: 1000/1781 loss: 0.014508167281746864
2023-07-05 03:57:15,475 | train | INFO | batch: 1100/1781 loss: 0.0010408539092168212
2023-07-05 03:58:30,395 | train | INFO | batch: 1200/1781 loss: 0.053597480058670044
2023-07-05 03:59:43,632 | train | INFO | batch: 1300/1781 loss: 0.010844948701560497
2023-07-05 04:00:58,099 | train | INFO | batch: 1400/1781 loss: 0.00019432895351201296
2023-07-05 04:02:10,924 | train | INFO | batch: 1500/1781 loss: 0.007293554954230785
2023-07-05 04:03:24,731 | train | INFO | batch: 1600/1781 loss: 0.00012473572860471904
2023-07-05 04:04:39,964 | train | INFO | batch: 1700/1781 loss: 0.0056283799931406975
2023-07-05 04:05:40,274 | train | INFO | --Val 11/20
2023-07-05 04:05:51,090 | train | INFO | batch: 0/31 loss: 0.005252466537058353
2023-07-05 04:06:05,388 | train | INFO | Write row 11
2023-07-05 04:06:06,915 | train | INFO | Early stopper, counter 0/10, best:0.9919354838709677 -> now:0.9919354838709677
2023-07-05 04:06:06,915 | train | INFO | Set counter as 0
2023-07-05 04:06:06,915 | train | INFO | Update best score as 0.9919354838709677
2023-07-05 04:06:07,134 | train | INFO | Recorder, epoch 11 Model saved: C:\Users\EHmin\Fake_or_Real\baseline\results\train\20230704_233200\model.pt
2023-07-05 04:06:07,134 | train | INFO | --Train 12/20
2023-07-05 04:06:15,956 | train | INFO | batch: 0/1781 loss: 0.030458226799964905
2023-07-05 04:07:31,558 | train | INFO | batch: 100/1781 loss: 0.00024410724290646613
2023-07-05 04:08:46,134 | train | INFO | batch: 200/1781 loss: 0.13047996163368225
2023-07-05 04:09:59,780 | train | INFO | batch: 300/1781 loss: 0.014036180451512337
2023-07-05 04:11:14,667 | train | INFO | batch: 400/1781 loss: 0.006487260572612286
2023-07-05 04:12:29,122 | train | INFO | batch: 500/1781 loss: 0.0031156474724411964
2023-07-05 04:13:43,002 | train | INFO | batch: 600/1781 loss: 0.03409082069993019
2023-07-05 04:14:57,429 | train | INFO | batch: 700/1781 loss: 0.01060665026307106
2023-07-05 04:16:13,128 | train | INFO | batch: 800/1781 loss: 0.0014571199426427484
2023-07-05 04:17:26,214 | train | INFO | batch: 900/1781 loss: 0.14063680171966553
2023-07-05 04:18:39,509 | train | INFO | batch: 1000/1781 loss: 0.009283089078962803
2023-07-05 04:19:52,693 | train | INFO | batch: 1100/1781 loss: 0.00015907356282696128
2023-07-05 04:21:06,842 | train | INFO | batch: 1200/1781 loss: 0.08839315921068192
2023-07-05 04:22:22,038 | train | INFO | batch: 1300/1781 loss: 0.000574857578612864
2023-07-05 04:23:34,865 | train | INFO | batch: 1400/1781 loss: 0.052168965339660645
2023-07-05 04:24:47,176 | train | INFO | batch: 1500/1781 loss: 0.022547055035829544
2023-07-05 04:25:58,939 | train | INFO | batch: 1600/1781 loss: 0.008274395018815994
2023-07-05 04:27:10,772 | train | INFO | batch: 1700/1781 loss: 0.0011271912371739745
2023-07-05 04:28:09,403 | train | INFO | --Val 12/20
2023-07-05 04:28:18,868 | train | INFO | batch: 0/31 loss: 0.0051757157780230045
2023-07-05 04:28:33,274 | train | INFO | Write row 12
2023-07-05 04:28:35,129 | train | INFO | Early stopper, counter 1/10, best:0.9919354838709677 -> now:0.9879032258064516
2023-07-05 04:28:35,129 | train | INFO | --Train 13/20
2023-07-05 04:28:44,123 | train | INFO | batch: 0/1781 loss: 0.0017268718220293522
2023-07-05 04:29:57,134 | train | INFO | batch: 100/1781 loss: 0.15086907148361206
2023-07-05 04:31:08,644 | train | INFO | batch: 200/1781 loss: 0.0005519774276763201
2023-07-05 04:32:20,773 | train | INFO | batch: 300/1781 loss: 0.00025132973678410053
2023-07-05 04:33:33,433 | train | INFO | batch: 400/1781 loss: 0.0009312386391684413
2023-07-05 04:34:46,103 | train | INFO | batch: 500/1781 loss: 0.0007985238335095346
2023-07-05 04:35:58,071 | train | INFO | batch: 600/1781 loss: 0.0018303124234080315
2023-07-05 04:37:09,959 | train | INFO | batch: 700/1781 loss: 0.030545992776751518
2023-07-05 04:38:21,263 | train | INFO | batch: 800/1781 loss: 0.0066124917939305305
2023-07-05 04:39:32,933 | train | INFO | batch: 900/1781 loss: 0.014131702482700348
2023-07-05 04:40:45,040 | train | INFO | batch: 1000/1781 loss: 0.01137112732976675
2023-07-05 04:41:56,801 | train | INFO | batch: 1100/1781 loss: 0.006461840122938156
2023-07-05 04:43:07,711 | train | INFO | batch: 1200/1781 loss: 0.0016993198078125715
2023-07-05 04:44:19,947 | train | INFO | batch: 1300/1781 loss: 0.018624940887093544
2023-07-05 04:45:32,471 | train | INFO | batch: 1400/1781 loss: 0.044541336596012115
2023-07-05 04:46:44,329 | train | INFO | batch: 1500/1781 loss: 0.0007537452038377523
2023-07-05 04:47:56,900 | train | INFO | batch: 1600/1781 loss: 0.09710753709077835
2023-07-05 04:49:09,389 | train | INFO | batch: 1700/1781 loss: 0.019528862088918686
2023-07-05 04:50:07,709 | train | INFO | --Val 13/20
2023-07-05 04:50:16,250 | train | INFO | batch: 0/31 loss: 0.012713718228042126
2023-07-05 04:50:29,823 | train | INFO | Write row 13
2023-07-05 04:50:31,263 | train | INFO | Early stopper, counter 2/10, best:0.9919354838709677 -> now:0.9899193548387096
2023-07-05 04:50:31,263 | train | INFO | --Train 14/20
2023-07-05 04:50:40,281 | train | INFO | batch: 0/1781 loss: 0.00931691937148571
2023-07-05 04:51:52,746 | train | INFO | batch: 100/1781 loss: 0.03959478810429573
2023-07-05 04:53:05,311 | train | INFO | batch: 200/1781 loss: 0.043963875621557236
2023-07-05 04:54:17,217 | train | INFO | batch: 300/1781 loss: 0.02180442027747631
2023-07-05 04:55:28,217 | train | INFO | batch: 400/1781 loss: 0.022402841597795486
2023-07-05 04:56:40,402 | train | INFO | batch: 500/1781 loss: 0.0013715261593461037
2023-07-05 04:57:53,219 | train | INFO | batch: 600/1781 loss: 0.008057541213929653
2023-07-05 04:59:05,471 | train | INFO | batch: 700/1781 loss: 0.0002735855523496866
2023-07-05 05:00:17,764 | train | INFO | batch: 800/1781 loss: 0.0017779998015612364
2023-07-05 05:01:30,637 | train | INFO | batch: 900/1781 loss: 0.00022225193970371038
2023-07-05 05:02:43,550 | train | INFO | batch: 1000/1781 loss: 0.008230570703744888
2023-07-05 05:03:56,469 | train | INFO | batch: 1100/1781 loss: 0.00031772800139151514
2023-07-05 05:05:08,637 | train | INFO | batch: 1200/1781 loss: 8.684197382535785e-05
2023-07-05 05:06:21,305 | train | INFO | batch: 1300/1781 loss: 0.0007791977259330451
2023-07-05 05:07:33,784 | train | INFO | batch: 1400/1781 loss: 0.008967152796685696
2023-07-05 05:08:46,781 | train | INFO | batch: 1500/1781 loss: 0.0005114083178341389
2023-07-05 05:09:59,369 | train | INFO | batch: 1600/1781 loss: 0.0005551246576942503
2023-07-05 05:11:12,305 | train | INFO | batch: 1700/1781 loss: 0.0019328317139297724
2023-07-05 05:12:11,153 | train | INFO | --Val 14/20
2023-07-05 05:12:19,889 | train | INFO | batch: 0/31 loss: 0.09765204787254333
2023-07-05 05:12:34,264 | train | INFO | Write row 14
2023-07-05 05:12:35,793 | train | INFO | Early stopper, counter 3/10, best:0.9919354838709677 -> now:0.9879032258064516
2023-07-05 05:12:35,793 | train | INFO | --Train 15/20
2023-07-05 05:12:44,687 | train | INFO | batch: 0/1781 loss: 0.0193213801831007
2023-07-05 05:13:57,356 | train | INFO | batch: 100/1781 loss: 0.007564286235719919
2023-07-05 05:15:10,293 | train | INFO | batch: 200/1781 loss: 0.03451824188232422
2023-07-05 05:16:22,629 | train | INFO | batch: 300/1781 loss: 0.00023239629808813334
2023-07-05 05:17:36,023 | train | INFO | batch: 400/1781 loss: 0.0006614734884351492
2023-07-05 05:18:48,789 | train | INFO | batch: 500/1781 loss: 0.008079041726887226
2023-07-05 05:20:01,576 | train | INFO | batch: 600/1781 loss: 0.030733412131667137
2023-07-05 05:21:14,776 | train | INFO | batch: 700/1781 loss: 0.00873496849089861
2023-07-05 05:22:26,993 | train | INFO | batch: 800/1781 loss: 0.09272580593824387
2023-07-05 05:23:40,487 | train | INFO | batch: 900/1781 loss: 0.1945628672838211
2023-07-05 05:24:52,437 | train | INFO | batch: 1000/1781 loss: 0.0068099540658295155
2023-07-05 05:26:04,741 | train | INFO | batch: 1100/1781 loss: 0.00014850113075226545
2023-07-05 05:27:17,917 | train | INFO | batch: 1200/1781 loss: 0.0007220955449156463
2023-07-05 05:28:31,175 | train | INFO | batch: 1300/1781 loss: 0.005583678372204304
2023-07-05 05:29:43,533 | train | INFO | batch: 1400/1781 loss: 0.003266210900619626
2023-07-05 05:30:54,902 | train | INFO | batch: 1500/1781 loss: 0.248811736702919
2023-07-05 05:32:08,808 | train | INFO | batch: 1600/1781 loss: 0.006249992176890373
2023-07-05 05:33:21,142 | train | INFO | batch: 1700/1781 loss: 0.03397588059306145
2023-07-05 05:34:20,168 | train | INFO | --Val 15/20
2023-07-05 05:34:28,700 | train | INFO | batch: 0/31 loss: 0.04663491249084473
2023-07-05 05:34:42,126 | train | INFO | Write row 15
2023-07-05 05:34:43,645 | train | INFO | Early stopper, counter 4/10, best:0.9919354838709677 -> now:0.9899193548387096
2023-07-05 05:34:43,645 | train | INFO | --Train 16/20
2023-07-05 05:34:52,727 | train | INFO | batch: 0/1781 loss: 0.003033142536878586
2023-07-05 05:36:07,023 | train | INFO | batch: 100/1781 loss: 0.009119099006056786
2023-07-05 05:37:19,552 | train | INFO | batch: 200/1781 loss: 0.0006355937221087515
2023-07-05 05:38:32,350 | train | INFO | batch: 300/1781 loss: 0.0002612236130516976
2023-07-05 05:39:45,318 | train | INFO | batch: 400/1781 loss: 0.005088082514703274
2023-07-05 05:40:57,027 | train | INFO | batch: 500/1781 loss: 0.0038322077598422766
2023-07-05 05:42:10,458 | train | INFO | batch: 600/1781 loss: 0.0006227561389096081
2023-07-05 05:43:23,657 | train | INFO | batch: 700/1781 loss: 0.013042924925684929
2023-07-05 05:44:36,406 | train | INFO | batch: 800/1781 loss: 0.0017208446515724063
2023-07-05 05:45:47,728 | train | INFO | batch: 900/1781 loss: 0.016692673787474632
2023-07-05 05:46:59,814 | train | INFO | batch: 1000/1781 loss: 0.11369538307189941
2023-07-05 05:48:11,911 | train | INFO | batch: 1100/1781 loss: 0.0005791938747279346
2023-07-05 05:49:23,616 | train | INFO | batch: 1200/1781 loss: 0.0014842108357697725
2023-07-05 05:50:36,643 | train | INFO | batch: 1300/1781 loss: 0.013350696302950382
2023-07-05 05:51:48,879 | train | INFO | batch: 1400/1781 loss: 0.009754284285008907
2023-07-05 05:53:01,320 | train | INFO | batch: 1500/1781 loss: 0.04132946580648422
2023-07-05 05:54:13,479 | train | INFO | batch: 1600/1781 loss: 0.02817266806960106
2023-07-05 05:55:25,679 | train | INFO | batch: 1700/1781 loss: 0.014100837521255016
2023-07-05 05:56:25,294 | train | INFO | --Val 16/20
2023-07-05 05:56:34,827 | train | INFO | batch: 0/31 loss: 0.018078593537211418
2023-07-05 05:56:49,138 | train | INFO | Write row 16
2023-07-05 05:56:50,771 | train | INFO | Early stopper, counter 5/10, best:0.9919354838709677 -> now:0.9899193548387096
2023-07-05 05:56:50,786 | train | INFO | --Train 17/20
2023-07-05 05:56:59,509 | train | INFO | batch: 0/1781 loss: 0.017047664150595665
2023-07-05 05:58:12,128 | train | INFO | batch: 100/1781 loss: 0.0012846441240981221
2023-07-05 05:59:25,174 | train | INFO | batch: 200/1781 loss: 0.011091736145317554
2023-07-05 06:00:37,868 | train | INFO | batch: 300/1781 loss: 0.010047025047242641
2023-07-05 06:01:50,990 | train | INFO | batch: 400/1781 loss: 0.015973340719938278
2023-07-05 06:03:04,815 | train | INFO | batch: 500/1781 loss: 0.025468066334724426
2023-07-05 06:04:19,304 | train | INFO | batch: 600/1781 loss: 0.022897498682141304
2023-07-05 06:05:32,623 | train | INFO | batch: 700/1781 loss: 0.010423628613352776
2023-07-05 06:06:46,433 | train | INFO | batch: 800/1781 loss: 0.0006808709586039186
2023-07-05 06:07:59,418 | train | INFO | batch: 900/1781 loss: 0.05561191961169243
2023-07-05 06:09:12,790 | train | INFO | batch: 1000/1781 loss: 0.0012205839157104492
2023-07-05 06:10:24,822 | train | INFO | batch: 1100/1781 loss: 0.0008941448759287596
2023-07-05 06:11:37,515 | train | INFO | batch: 1200/1781 loss: 0.0002385622210567817
2023-07-05 06:12:50,296 | train | INFO | batch: 1300/1781 loss: 0.005428259260952473
2023-07-05 06:14:03,194 | train | INFO | batch: 1400/1781 loss: 0.0001965908450074494
2023-07-05 06:15:16,625 | train | INFO | batch: 1500/1781 loss: 0.003626449266448617
2023-07-05 06:16:29,641 | train | INFO | batch: 1600/1781 loss: 0.0035013726446777582
2023-07-05 06:17:40,686 | train | INFO | batch: 1700/1781 loss: 0.0027189399115741253
2023-07-05 06:18:40,574 | train | INFO | --Val 17/20
2023-07-05 06:18:49,252 | train | INFO | batch: 0/31 loss: 0.003050200641155243
2023-07-05 06:19:03,577 | train | INFO | Write row 17
2023-07-05 06:19:05,159 | train | INFO | Early stopper, counter 6/10, best:0.9919354838709677 -> now:0.9909274193548387
2023-07-05 06:19:05,174 | train | INFO | --Train 18/20
2023-07-05 06:19:14,088 | train | INFO | batch: 0/1781 loss: 0.07409823685884476
2023-07-05 06:20:26,526 | train | INFO | batch: 100/1781 loss: 0.016040341928601265
2023-07-05 06:21:40,278 | train | INFO | batch: 200/1781 loss: 0.09861591458320618
2023-07-05 06:22:52,890 | train | INFO | batch: 300/1781 loss: 0.0077328807674348354
2023-07-05 06:24:05,151 | train | INFO | batch: 400/1781 loss: 0.004859941080212593
2023-07-05 06:25:17,081 | train | INFO | batch: 500/1781 loss: 0.0006529298261739314
2023-07-05 06:26:30,134 | train | INFO | batch: 600/1781 loss: 0.0027541709132492542
2023-07-05 06:27:42,095 | train | INFO | batch: 700/1781 loss: 0.0050267367623746395
2023-07-05 06:28:54,766 | train | INFO | batch: 800/1781 loss: 0.0003108200035057962
2023-07-05 06:30:08,180 | train | INFO | batch: 900/1781 loss: 0.0002425376296741888
2023-07-05 06:31:20,370 | train | INFO | batch: 1000/1781 loss: 0.012177199125289917
2023-07-05 06:32:32,861 | train | INFO | batch: 1100/1781 loss: 0.005065632052719593
2023-07-05 06:33:45,247 | train | INFO | batch: 1200/1781 loss: 0.016398441046476364
2023-07-05 06:34:57,638 | train | INFO | batch: 1300/1781 loss: 0.0006690553273074329
2023-07-05 06:36:10,440 | train | INFO | batch: 1400/1781 loss: 0.00042393876356072724
2023-07-05 06:37:23,420 | train | INFO | batch: 1500/1781 loss: 0.048392459750175476
2023-07-05 06:38:35,819 | train | INFO | batch: 1600/1781 loss: 0.0005059642717242241
2023-07-05 06:39:47,996 | train | INFO | batch: 1700/1781 loss: 0.004911310970783234
2023-07-05 06:40:46,983 | train | INFO | --Val 18/20
2023-07-05 06:40:55,641 | train | INFO | batch: 0/31 loss: 0.009370284155011177
2023-07-05 06:41:10,352 | train | INFO | Write row 18
2023-07-05 06:41:12,117 | train | INFO | Early stopper, counter 7/10, best:0.9919354838709677 -> now:0.9848790322580645
2023-07-05 06:41:12,117 | train | INFO | --Train 19/20
2023-07-05 06:41:21,072 | train | INFO | batch: 0/1781 loss: 0.0029367515817284584
2023-07-05 06:42:34,110 | train | INFO | batch: 100/1781 loss: 0.0028756011743098497
2023-07-05 06:43:47,576 | train | INFO | batch: 200/1781 loss: 0.00010400850442238152
2023-07-05 06:45:00,936 | train | INFO | batch: 300/1781 loss: 0.020503612235188484
2023-07-05 06:46:14,665 | train | INFO | batch: 400/1781 loss: 0.001501964870840311
2023-07-05 06:47:27,664 | train | INFO | batch: 500/1781 loss: 0.15388861298561096
2023-07-05 06:48:40,106 | train | INFO | batch: 600/1781 loss: 0.002955602016299963
2023-07-05 06:49:52,890 | train | INFO | batch: 700/1781 loss: 0.0006064522895030677
2023-07-05 06:51:05,302 | train | INFO | batch: 800/1781 loss: 0.014546036720275879
2023-07-05 06:52:19,656 | train | INFO | batch: 900/1781 loss: 0.0059581054374575615
2023-07-05 06:53:32,994 | train | INFO | batch: 1000/1781 loss: 0.0006777525413781404
2023-07-05 06:54:46,523 | train | INFO | batch: 1100/1781 loss: 0.010388440452516079
2023-07-05 06:55:58,989 | train | INFO | batch: 1200/1781 loss: 0.05165310576558113
2023-07-05 06:57:12,277 | train | INFO | batch: 1300/1781 loss: 0.0665716826915741
2023-07-05 06:58:25,607 | train | INFO | batch: 1400/1781 loss: 0.0015341357793658972
2023-07-05 06:59:39,399 | train | INFO | batch: 1500/1781 loss: 0.022699741646647453
2023-07-05 07:00:54,055 | train | INFO | batch: 1600/1781 loss: 0.000697112234774977
2023-07-05 07:02:06,546 | train | INFO | batch: 1700/1781 loss: 0.0013973249588161707
2023-07-05 07:03:06,366 | train | INFO | --Val 19/20
2023-07-05 07:03:16,655 | train | INFO | batch: 0/31 loss: 0.03943200409412384
2023-07-05 07:03:31,039 | train | INFO | Write row 19
2023-07-05 07:03:32,675 | train | INFO | Early stopper, counter 0/10, best:0.9919354838709677 -> now:0.9919354838709677
2023-07-05 07:03:32,675 | train | INFO | Set counter as 0
2023-07-05 07:03:32,675 | train | INFO | Update best score as 0.9919354838709677
2023-07-05 07:03:32,909 | train | INFO | Recorder, epoch 19 Model saved: C:\Users\EHmin\Fake_or_Real\baseline\results\train\20230704_233200\model.pt
