2023-06-27 10:29:07,263 | train | INFO | Set Logger C:\Users\EHmin\Fake_or_Real\baseline\results\train\20230627_102907
2023-06-27 10:29:07,583 | train | INFO | Load data, train:14000 val:6000
2023-06-27 10:29:09,196 | train | INFO | Initiated early stopper, mode: max, best score: inf, patience: 10
2023-06-27 10:29:09,205 | train | INFO | --Train 0/50
2023-06-27 10:29:21,776 | train | INFO | batch: 0/437 loss: 0.00010794607078423724
2023-06-27 10:30:08,221 | train | INFO | batch: 100/437 loss: 0.0005116073880344629
2023-06-27 10:30:56,046 | train | INFO | batch: 200/437 loss: 0.0008733575232326984
2023-06-27 10:31:43,336 | train | INFO | batch: 300/437 loss: 0.0999566987156868
2023-06-27 10:32:31,686 | train | INFO | batch: 400/437 loss: 0.00142147415317595
2023-06-27 10:32:50,067 | train | INFO | --Val 0/50
2023-06-27 10:32:59,888 | train | INFO | batch: 0/187 loss: 0.15138393640518188
2023-06-27 10:33:47,952 | train | INFO | batch: 100/187 loss: 0.24318638443946838
2023-06-27 10:34:30,461 | train | INFO | Write row 0
2023-06-27 10:34:31,956 | train | INFO | Early stopper, counter 0/10, best:0.9717580213903744 -> now:0.9717580213903744
2023-06-27 10:34:31,956 | train | INFO | Set counter as 0
2023-06-27 10:34:31,957 | train | INFO | Update best score as 0.9717580213903744
2023-06-27 10:34:32,187 | train | INFO | Recorder, epoch 0 Model saved: C:\Users\EHmin\Fake_or_Real\baseline\results\train\20230627_102907\model.pt
2023-06-27 10:34:32,188 | train | INFO | --Train 1/50
2023-06-27 10:34:40,951 | train | INFO | batch: 0/437 loss: 2.8648157694988186e-06
2023-06-27 10:35:26,742 | train | INFO | batch: 100/437 loss: 0.00013549435243476182
2023-06-27 10:36:14,659 | train | INFO | batch: 200/437 loss: 0.00016058544861152768
2023-06-27 10:37:01,311 | train | INFO | batch: 300/437 loss: 0.004492513835430145
2023-06-27 10:37:47,550 | train | INFO | batch: 400/437 loss: 6.2139970395946875e-06
2023-06-27 10:38:05,733 | train | INFO | --Val 1/50
2023-06-27 10:38:15,622 | train | INFO | batch: 0/187 loss: 0.047517187893390656
2023-06-27 10:39:01,618 | train | INFO | batch: 100/187 loss: 0.15481148660182953
2023-06-27 10:39:43,017 | train | INFO | Write row 1
2023-06-27 10:39:44,312 | train | INFO | Early stopper, counter 1/10, best:0.9717580213903744 -> now:0.963903743315508
2023-06-27 10:39:44,328 | train | INFO | --Train 2/50
2023-06-27 10:39:53,081 | train | INFO | batch: 0/437 loss: 0.00029306794749572873
2023-06-27 10:40:39,119 | train | INFO | batch: 100/437 loss: 0.0005019152304157615
2023-06-27 10:41:24,812 | train | INFO | batch: 200/437 loss: 0.005001142621040344
2023-06-27 10:42:11,142 | train | INFO | batch: 300/437 loss: 0.16935503482818604
2023-06-27 10:42:57,968 | train | INFO | batch: 400/437 loss: 0.0015721293166279793
2023-06-27 10:43:15,683 | train | INFO | --Val 2/50
2023-06-27 10:43:24,297 | train | INFO | batch: 0/187 loss: 0.15132538974285126
2023-06-27 10:44:11,119 | train | INFO | batch: 100/187 loss: 0.028368841856718063
2023-06-27 10:44:52,315 | train | INFO | Write row 2
2023-06-27 10:44:53,671 | train | INFO | Early stopper, counter 2/10, best:0.9717580213903744 -> now:0.9714237967914439
2023-06-27 10:44:53,671 | train | INFO | --Train 3/50
2023-06-27 10:45:02,558 | train | INFO | batch: 0/437 loss: 0.00020084003335796297
2023-06-27 10:45:48,057 | train | INFO | batch: 100/437 loss: 2.3016853447188623e-05
2023-06-27 10:46:33,839 | train | INFO | batch: 200/437 loss: 0.007421307265758514
2023-06-27 10:47:20,326 | train | INFO | batch: 300/437 loss: 0.0003844328166451305
2023-06-27 10:48:06,508 | train | INFO | batch: 400/437 loss: 2.6934324068861315e-06
2023-06-27 10:48:24,444 | train | INFO | --Val 3/50
2023-06-27 10:48:33,427 | train | INFO | batch: 0/187 loss: 0.17670968174934387
2023-06-27 10:49:19,808 | train | INFO | batch: 100/187 loss: 0.007347005885094404
2023-06-27 10:50:00,988 | train | INFO | Write row 3
2023-06-27 10:50:02,431 | train | INFO | Early stopper, counter 0/10, best:0.9725935828877005 -> now:0.9725935828877005
2023-06-27 10:50:02,431 | train | INFO | Set counter as 0
2023-06-27 10:50:02,431 | train | INFO | Update best score as 0.9725935828877005
2023-06-27 10:50:02,653 | train | INFO | Recorder, epoch 3 Model saved: C:\Users\EHmin\Fake_or_Real\baseline\results\train\20230627_102907\model.pt
2023-06-27 10:50:02,653 | train | INFO | --Train 4/50
2023-06-27 10:50:11,448 | train | INFO | batch: 0/437 loss: 3.669418333629437e-07
2023-06-27 10:50:56,313 | train | INFO | batch: 100/437 loss: 0.0002689652901608497
2023-06-27 10:51:42,628 | train | INFO | batch: 200/437 loss: 5.3011623094789684e-05
2023-06-27 10:52:28,562 | train | INFO | batch: 300/437 loss: 1.8384581608188455e-06
2023-06-27 10:53:14,956 | train | INFO | batch: 400/437 loss: 8.18986736703664e-05
2023-06-27 10:53:33,151 | train | INFO | --Val 4/50
2023-06-27 10:53:42,889 | train | INFO | batch: 0/187 loss: 0.0013260815758258104
2023-06-27 10:54:31,252 | train | INFO | batch: 100/187 loss: 0.1740962713956833
2023-06-27 10:55:13,028 | train | INFO | Write row 4
2023-06-27 10:55:14,542 | train | INFO | Early stopper, counter 1/10, best:0.9725935828877005 -> now:0.9570521390374331
2023-06-27 10:55:14,542 | train | INFO | --Train 5/50
2023-06-27 10:55:23,256 | train | INFO | batch: 0/437 loss: 1.2535764426502283e-06
2023-06-27 10:56:09,231 | train | INFO | batch: 100/437 loss: 0.007611497770994902
2023-06-27 10:56:55,338 | train | INFO | batch: 200/437 loss: 0.0007016941090114415
2023-06-27 10:57:42,637 | train | INFO | batch: 300/437 loss: 0.025105377659201622
2023-06-27 10:58:29,177 | train | INFO | batch: 400/437 loss: 0.0020572859793901443
2023-06-27 10:58:47,231 | train | INFO | --Val 5/50
2023-06-27 10:58:57,084 | train | INFO | batch: 0/187 loss: 0.03919326886534691
2023-06-27 10:59:44,148 | train | INFO | batch: 100/187 loss: 0.006339749321341515
2023-06-27 11:00:25,844 | train | INFO | Write row 5
2023-06-27 11:00:27,314 | train | INFO | Early stopper, counter 2/10, best:0.9725935828877005 -> now:0.9665775401069518
2023-06-27 11:00:27,314 | train | INFO | --Train 6/50
2023-06-27 11:00:36,287 | train | INFO | batch: 0/437 loss: 0.03414653614163399
2023-06-27 11:01:22,034 | train | INFO | batch: 100/437 loss: 0.002705099293962121
2023-06-27 11:02:08,441 | train | INFO | batch: 200/437 loss: 0.0002718436298891902
2023-06-27 11:02:55,192 | train | INFO | batch: 300/437 loss: 0.0008817470516078174
2023-06-27 11:03:41,653 | train | INFO | batch: 400/437 loss: 6.332371413009241e-05
2023-06-27 11:04:00,146 | train | INFO | --Val 6/50
2023-06-27 11:04:10,161 | train | INFO | batch: 0/187 loss: 0.011457697488367558
2023-06-27 11:04:56,329 | train | INFO | batch: 100/187 loss: 0.0036399252712726593
2023-06-27 11:05:37,323 | train | INFO | Write row 6
2023-06-27 11:05:38,729 | train | INFO | Early stopper, counter 3/10, best:0.9725935828877005 -> now:0.9615641711229946
2023-06-27 11:05:38,730 | train | INFO | --Train 7/50
2023-06-27 11:05:47,560 | train | INFO | batch: 0/437 loss: 0.002736391732469201
2023-06-27 11:06:32,947 | train | INFO | batch: 100/437 loss: 0.0004721783916465938
2023-06-27 11:07:19,207 | train | INFO | batch: 200/437 loss: 0.007310171145945787
2023-06-27 11:08:06,047 | train | INFO | batch: 300/437 loss: 0.00015673774760216475
2023-06-27 11:08:52,333 | train | INFO | batch: 400/437 loss: 0.0019685723818838596
2023-06-27 11:09:09,910 | train | INFO | --Val 7/50
2023-06-27 11:09:19,654 | train | INFO | batch: 0/187 loss: 0.0349595807492733
2023-06-27 11:10:06,248 | train | INFO | batch: 100/187 loss: 0.10265325009822845
2023-06-27 11:10:47,247 | train | INFO | Write row 7
2023-06-27 11:10:48,689 | train | INFO | Early stopper, counter 4/10, best:0.9725935828877005 -> now:0.9623997326203209
2023-06-27 11:10:48,689 | train | INFO | --Train 8/50
2023-06-27 11:10:57,456 | train | INFO | batch: 0/437 loss: 0.00431014271453023
2023-06-27 11:11:43,523 | train | INFO | batch: 100/437 loss: 2.0431203665793873e-05
2023-06-27 11:12:32,822 | train | INFO | batch: 200/437 loss: 2.683113780221902e-05
2023-06-27 11:13:22,285 | train | INFO | batch: 300/437 loss: 1.1606307452893816e-05
2023-06-27 11:14:09,380 | train | INFO | batch: 400/437 loss: 1.4048483535589185e-05
2023-06-27 11:14:27,640 | train | INFO | --Val 8/50
2023-06-27 11:14:37,435 | train | INFO | batch: 0/187 loss: 0.04396779090166092
2023-06-27 11:15:23,772 | train | INFO | batch: 100/187 loss: 0.26719099283218384
2023-06-27 11:16:05,310 | train | INFO | Write row 8
2023-06-27 11:16:06,922 | train | INFO | Early stopper, counter 5/10, best:0.9725935828877005 -> now:0.9649064171122995
2023-06-27 11:16:06,923 | train | INFO | --Train 9/50
2023-06-27 11:16:15,748 | train | INFO | batch: 0/437 loss: 0.00011191894736839458
2023-06-27 11:17:01,137 | train | INFO | batch: 100/437 loss: 0.0035259700380265713
2023-06-27 11:17:47,644 | train | INFO | batch: 200/437 loss: 0.0005476751830428839
2023-06-27 11:18:34,442 | train | INFO | batch: 300/437 loss: 0.011187482625246048
2023-06-27 11:19:21,538 | train | INFO | batch: 400/437 loss: 5.189883813727647e-05
2023-06-27 11:19:39,650 | train | INFO | --Val 9/50
2023-06-27 11:19:49,451 | train | INFO | batch: 0/187 loss: 0.00806253869086504
2023-06-27 11:20:36,031 | train | INFO | batch: 100/187 loss: 0.02956037037074566
2023-06-27 11:21:17,127 | train | INFO | Write row 9
2023-06-27 11:21:18,757 | train | INFO | Early stopper, counter 6/10, best:0.9725935828877005 -> now:0.9707553475935828
2023-06-27 11:21:18,758 | train | INFO | --Train 10/50
2023-06-27 11:21:27,695 | train | INFO | batch: 0/437 loss: 0.0001223824656335637
2023-06-27 11:22:13,542 | train | INFO | batch: 100/437 loss: 0.002069445326924324
2023-06-27 11:22:59,602 | train | INFO | batch: 200/437 loss: 0.0008945967420004308
2023-06-27 11:23:46,236 | train | INFO | batch: 300/437 loss: 9.342703560832888e-05
2023-06-27 11:24:32,978 | train | INFO | batch: 400/437 loss: 3.072409162996337e-05
2023-06-27 11:24:50,945 | train | INFO | --Val 10/50
2023-06-27 11:25:00,735 | train | INFO | batch: 0/187 loss: 0.0023740557953715324
2023-06-27 11:25:47,341 | train | INFO | batch: 100/187 loss: 0.022943271324038506
2023-06-27 11:26:28,484 | train | INFO | Write row 10
2023-06-27 11:26:29,994 | train | INFO | Early stopper, counter 7/10, best:0.9725935828877005 -> now:0.9667446524064172
2023-06-27 11:26:29,995 | train | INFO | --Train 11/50
2023-06-27 11:26:38,789 | train | INFO | batch: 0/437 loss: 0.0275017861276865
2023-06-27 11:27:23,876 | train | INFO | batch: 100/437 loss: 0.00029583810828626156
2023-06-27 11:28:10,419 | train | INFO | batch: 200/437 loss: 0.003966184798628092
2023-06-27 11:28:57,381 | train | INFO | batch: 300/437 loss: 6.730853056069463e-05
2023-06-27 11:29:43,849 | train | INFO | batch: 400/437 loss: 0.002469398779794574
2023-06-27 11:30:01,889 | train | INFO | --Val 11/50
2023-06-27 11:30:11,459 | train | INFO | batch: 0/187 loss: 0.11358974874019623
2023-06-27 11:30:57,739 | train | INFO | batch: 100/187 loss: 0.06780270487070084
2023-06-27 11:31:39,080 | train | INFO | Write row 11
2023-06-27 11:31:40,584 | train | INFO | Early stopper, counter 8/10, best:0.9725935828877005 -> now:0.9644050802139037
2023-06-27 11:31:40,584 | train | INFO | --Train 12/50
2023-06-27 11:31:49,485 | train | INFO | batch: 0/437 loss: 0.021259531378746033
2023-06-27 11:32:35,078 | train | INFO | batch: 100/437 loss: 1.5377878298750147e-05
2023-06-27 11:33:21,195 | train | INFO | batch: 200/437 loss: 0.0004840264446102083
2023-06-27 11:34:07,769 | train | INFO | batch: 300/437 loss: 0.00015933046233840287
2023-06-27 11:34:54,793 | train | INFO | batch: 400/437 loss: 0.00010063415538752452
2023-06-27 11:35:12,684 | train | INFO | --Val 12/50
2023-06-27 11:35:22,350 | train | INFO | batch: 0/187 loss: 0.01764787547290325
2023-06-27 11:36:08,817 | train | INFO | batch: 100/187 loss: 0.1441962867975235
2023-06-27 11:36:50,216 | train | INFO | Write row 12
2023-06-27 11:36:51,766 | train | INFO | Early stopper, counter 9/10, best:0.9725935828877005 -> now:0.9705882352941176
2023-06-27 11:36:51,782 | train | INFO | --Train 13/50
2023-06-27 11:37:00,825 | train | INFO | batch: 0/437 loss: 4.608346444001654e-06
2023-06-27 11:37:46,415 | train | INFO | batch: 100/437 loss: 0.00955949816852808
2023-06-27 11:38:32,011 | train | INFO | batch: 200/437 loss: 4.5933473302284256e-05
2023-06-27 11:39:18,576 | train | INFO | batch: 300/437 loss: 0.0034337828401476145
2023-06-27 11:40:05,397 | train | INFO | batch: 400/437 loss: 0.0008116825483739376
2023-06-27 11:40:23,991 | train | INFO | --Val 13/50
2023-06-27 11:40:34,082 | train | INFO | batch: 0/187 loss: 0.016568167135119438
2023-06-27 11:41:21,666 | train | INFO | batch: 100/187 loss: 0.056487075984478
2023-06-27 11:42:03,642 | train | INFO | Write row 13
2023-06-27 11:42:05,188 | train | INFO | Early stopper, counter 10/10, best:0.9725935828877005 -> now:0.9724264705882353
2023-06-27 11:42:05,188 | train | INFO | --Train 14/50
2023-06-27 11:42:14,114 | train | INFO | batch: 0/437 loss: 0.00041011659777723253
2023-06-27 11:43:01,584 | train | INFO | batch: 100/437 loss: 0.00010053369624074548
2023-06-27 11:43:48,328 | train | INFO | batch: 200/437 loss: 0.0001674172090133652
2023-06-27 11:44:35,077 | train | INFO | batch: 300/437 loss: 0.0005654460401274264
2023-06-27 11:45:21,567 | train | INFO | batch: 400/437 loss: 0.003129363991320133
2023-06-27 11:45:39,436 | train | INFO | --Val 14/50
2023-06-27 11:45:49,148 | train | INFO | batch: 0/187 loss: 0.06548988074064255
2023-06-27 11:46:35,614 | train | INFO | batch: 100/187 loss: 0.010152390226721764
2023-06-27 11:47:17,275 | train | INFO | Write row 14
2023-06-27 11:47:18,923 | train | INFO | Early stopper, counter 11/10, best:0.9725935828877005 -> now:0.9710895721925134
2023-06-27 11:47:18,923 | train | INFO | --Train 15/50
2023-06-27 11:47:27,588 | train | INFO | batch: 0/437 loss: 0.00035952558391727507
2023-06-27 11:48:12,215 | train | INFO | batch: 100/437 loss: 0.0020946578588336706
2023-06-27 11:48:58,338 | train | INFO | batch: 200/437 loss: 0.0002322065702173859
2023-06-27 11:49:45,739 | train | INFO | batch: 300/437 loss: 0.0004661798011511564
2023-06-27 11:50:32,776 | train | INFO | batch: 400/437 loss: 0.29627496004104614
2023-06-27 11:50:50,718 | train | INFO | --Val 15/50
2023-06-27 11:51:00,454 | train | INFO | batch: 0/187 loss: 0.01245974563062191
2023-06-27 11:51:46,946 | train | INFO | batch: 100/187 loss: 0.008693336509168148
2023-06-27 11:52:28,151 | train | INFO | Write row 15
2023-06-27 11:52:29,929 | train | INFO | Early stopper, counter 12/10, best:0.9725935828877005 -> now:0.9714237967914439
2023-06-27 11:52:29,929 | train | INFO | --Train 16/50
2023-06-27 11:52:38,915 | train | INFO | batch: 0/437 loss: 0.028373602777719498
2023-06-27 11:53:24,169 | train | INFO | batch: 100/437 loss: 1.2204484846733976e-05
2023-06-27 11:54:10,218 | train | INFO | batch: 200/437 loss: 2.7168300221092068e-05
2023-06-27 11:54:56,502 | train | INFO | batch: 300/437 loss: 0.0006280193338170648
2023-06-27 11:55:43,433 | train | INFO | batch: 400/437 loss: 2.6263344921062526e-07
2023-06-27 11:56:02,073 | train | INFO | --Val 16/50
2023-06-27 11:56:11,740 | train | INFO | batch: 0/187 loss: 0.08344639837741852
2023-06-27 11:56:57,940 | train | INFO | batch: 100/187 loss: 0.0011422616662457585
2023-06-27 11:57:39,030 | train | INFO | Write row 16
2023-06-27 11:57:40,741 | train | INFO | Early stopper, counter 0/10, best:0.9762700534759359 -> now:0.9762700534759359
2023-06-27 11:57:40,741 | train | INFO | Set counter as 0
2023-06-27 11:57:40,741 | train | INFO | Update best score as 0.9762700534759359
2023-06-27 11:57:40,947 | train | INFO | Recorder, epoch 16 Model saved: C:\Users\EHmin\Fake_or_Real\baseline\results\train\20230627_102907\model.pt
2023-06-27 11:57:40,962 | train | INFO | --Train 17/50
2023-06-27 11:57:49,785 | train | INFO | batch: 0/437 loss: 0.0006229151040315628
2023-06-27 11:58:34,744 | train | INFO | batch: 100/437 loss: 0.00013740695430897176
2023-06-27 11:59:21,999 | train | INFO | batch: 200/437 loss: 2.384188633186568e-07
2023-06-27 12:00:08,751 | train | INFO | batch: 300/437 loss: 0.0007974233012646437
2023-06-27 12:00:55,118 | train | INFO | batch: 400/437 loss: 2.1979983557685046e-06
2023-06-27 12:01:13,094 | train | INFO | --Val 17/50
2023-06-27 12:01:22,840 | train | INFO | batch: 0/187 loss: 0.0385282002389431
2023-06-27 12:02:09,272 | train | INFO | batch: 100/187 loss: 0.00841938704252243
2023-06-27 12:02:50,263 | train | INFO | Write row 17
2023-06-27 12:02:52,008 | train | INFO | Early stopper, counter 1/10, best:0.9762700534759359 -> now:0.9730949197860963
2023-06-27 12:02:52,008 | train | INFO | --Train 18/50
2023-06-27 12:03:00,853 | train | INFO | batch: 0/437 loss: 1.0004649084294215e-05
2023-06-27 12:03:46,602 | train | INFO | batch: 100/437 loss: 0.003507828339934349
2023-06-27 12:04:33,192 | train | INFO | batch: 200/437 loss: 2.910180774051696e-05
2023-06-27 12:05:20,120 | train | INFO | batch: 300/437 loss: 0.003269169945269823
2023-06-27 12:06:06,008 | train | INFO | batch: 400/437 loss: 0.00035671412479132414
2023-06-27 12:06:23,989 | train | INFO | --Val 18/50
2023-06-27 12:06:33,931 | train | INFO | batch: 0/187 loss: 0.003901634830981493
2023-06-27 12:07:20,191 | train | INFO | batch: 100/187 loss: 0.0028541446663439274
2023-06-27 12:08:01,260 | train | INFO | Write row 18
2023-06-27 12:08:02,934 | train | INFO | Early stopper, counter 2/10, best:0.9762700534759359 -> now:0.9756016042780749
2023-06-27 12:08:02,935 | train | INFO | --Train 19/50
2023-06-27 12:08:12,122 | train | INFO | batch: 0/437 loss: 0.00012035793770337477
2023-06-27 12:08:57,073 | train | INFO | batch: 100/437 loss: 0.00021039749844931066
2023-06-27 12:09:43,288 | train | INFO | batch: 200/437 loss: 1.6874211723916233e-05
2023-06-27 12:10:29,966 | train | INFO | batch: 300/437 loss: 4.306641130824573e-06
2023-06-27 12:11:16,640 | train | INFO | batch: 400/437 loss: 0.0018066386692225933
2023-06-27 12:11:34,560 | train | INFO | --Val 19/50
2023-06-27 12:11:44,409 | train | INFO | batch: 0/187 loss: 0.033955369144678116
2023-06-27 12:12:30,225 | train | INFO | batch: 100/187 loss: 0.044834382832050323
2023-06-27 12:13:11,265 | train | INFO | Write row 19
2023-06-27 12:13:12,976 | train | INFO | Early stopper, counter 3/10, best:0.9762700534759359 -> now:0.9751002673796791
2023-06-27 12:13:12,977 | train | INFO | --Train 20/50
2023-06-27 12:13:21,846 | train | INFO | batch: 0/437 loss: 2.1236934117041528e-05
2023-06-27 12:14:06,981 | train | INFO | batch: 100/437 loss: 2.4654222215758637e-05
2023-06-27 12:14:53,198 | train | INFO | batch: 200/437 loss: 1.0676213605620433e-05
2023-06-27 12:15:40,259 | train | INFO | batch: 300/437 loss: 0.00029539153911173344
2023-06-27 12:16:26,740 | train | INFO | batch: 400/437 loss: 4.489208549784962e-06
2023-06-27 12:16:44,897 | train | INFO | --Val 20/50
2023-06-27 12:16:54,699 | train | INFO | batch: 0/187 loss: 0.2975030243396759
2023-06-27 12:17:41,111 | train | INFO | batch: 100/187 loss: 0.85731041431427
2023-06-27 12:18:22,155 | train | INFO | Write row 20
2023-06-27 12:18:23,890 | train | INFO | Early stopper, counter 4/10, best:0.9762700534759359 -> now:0.9632352941176471
2023-06-27 12:18:23,890 | train | INFO | --Train 21/50
2023-06-27 12:18:32,719 | train | INFO | batch: 0/437 loss: 0.00041147563024424016
2023-06-27 12:19:17,511 | train | INFO | batch: 100/437 loss: 0.0034322580322623253
2023-06-27 12:20:03,413 | train | INFO | batch: 200/437 loss: 0.0007617255323566496
2023-06-27 12:20:50,806 | train | INFO | batch: 300/437 loss: 0.00013559235958382487
2023-06-27 12:21:37,195 | train | INFO | batch: 400/437 loss: 2.291287819389254e-05
2023-06-27 12:21:55,402 | train | INFO | --Val 21/50
2023-06-27 12:22:05,028 | train | INFO | batch: 0/187 loss: 0.14234322309494019
2023-06-27 12:22:51,474 | train | INFO | batch: 100/187 loss: 0.0373435877263546
2023-06-27 12:23:32,968 | train | INFO | Write row 21
2023-06-27 12:23:34,741 | train | INFO | Early stopper, counter 5/10, best:0.9762700534759359 -> now:0.973596256684492
2023-06-27 12:23:34,741 | train | INFO | --Train 22/50
2023-06-27 12:23:43,617 | train | INFO | batch: 0/437 loss: 3.762554001696117e-07
2023-06-27 12:24:28,038 | train | INFO | batch: 100/437 loss: 0.09801166504621506
2023-06-27 12:25:15,051 | train | INFO | batch: 200/437 loss: 8.732511923881248e-05
2023-06-27 12:26:01,901 | train | INFO | batch: 300/437 loss: 0.0009045276674441993
2023-06-27 12:26:48,170 | train | INFO | batch: 400/437 loss: 3.3033335057552904e-05
2023-06-27 12:27:06,438 | train | INFO | --Val 22/50
2023-06-27 12:27:16,301 | train | INFO | batch: 0/187 loss: 0.033946044743061066
2023-06-27 12:28:02,552 | train | INFO | batch: 100/187 loss: 0.06259315460920334
2023-06-27 12:28:43,392 | train | INFO | Write row 22
2023-06-27 12:28:45,332 | train | INFO | Early stopper, counter 0/10, best:0.9772727272727273 -> now:0.9772727272727273
2023-06-27 12:28:45,332 | train | INFO | Set counter as 0
2023-06-27 12:28:45,332 | train | INFO | Update best score as 0.9772727272727273
2023-06-27 12:28:45,539 | train | INFO | Recorder, epoch 22 Model saved: C:\Users\EHmin\Fake_or_Real\baseline\results\train\20230627_102907\model.pt
2023-06-27 12:28:45,554 | train | INFO | --Train 23/50
2023-06-27 12:28:54,306 | train | INFO | batch: 0/437 loss: 0.08656206727027893
2023-06-27 12:29:39,549 | train | INFO | batch: 100/437 loss: 0.007622690871357918
2023-06-27 12:30:25,752 | train | INFO | batch: 200/437 loss: 4.0501974581275135e-05
2023-06-27 12:31:12,460 | train | INFO | batch: 300/437 loss: 0.002336337463930249
2023-06-27 12:31:59,319 | train | INFO | batch: 400/437 loss: 0.05861658975481987
2023-06-27 12:32:17,686 | train | INFO | --Val 23/50
2023-06-27 12:32:27,376 | train | INFO | batch: 0/187 loss: 0.003206557361409068
2023-06-27 12:33:13,815 | train | INFO | batch: 100/187 loss: 0.1015550047159195
2023-06-27 12:33:54,696 | train | INFO | Write row 23
2023-06-27 12:33:56,544 | train | INFO | Early stopper, counter 1/10, best:0.9772727272727273 -> now:0.9722593582887701
2023-06-27 12:33:56,544 | train | INFO | --Train 24/50
2023-06-27 12:34:05,361 | train | INFO | batch: 0/437 loss: 0.0005756395403295755
2023-06-27 12:34:51,483 | train | INFO | batch: 100/437 loss: 2.295228114235215e-05
2023-06-27 12:35:38,478 | train | INFO | batch: 200/437 loss: 0.00021171702246647328
2023-06-27 12:36:24,214 | train | INFO | batch: 300/437 loss: 0.0006543195922859013
2023-06-27 12:37:11,119 | train | INFO | batch: 400/437 loss: 0.0030046412721276283
2023-06-27 12:37:28,761 | train | INFO | --Val 24/50
2023-06-27 12:37:38,491 | train | INFO | batch: 0/187 loss: 0.030891546979546547
2023-06-27 12:38:25,328 | train | INFO | batch: 100/187 loss: 0.042733173817396164
2023-06-27 12:39:06,935 | train | INFO | Write row 24
2023-06-27 12:39:08,745 | train | INFO | Early stopper, counter 2/10, best:0.9772727272727273 -> now:0.9727606951871658
2023-06-27 12:39:08,745 | train | INFO | --Train 25/50
2023-06-27 12:39:17,501 | train | INFO | batch: 0/437 loss: 0.0017013517208397388
2023-06-27 12:40:03,054 | train | INFO | batch: 100/437 loss: 0.00016385086928494275
2023-06-27 12:40:49,262 | train | INFO | batch: 200/437 loss: 2.631375718920026e-05
2023-06-27 12:41:37,912 | train | INFO | batch: 300/437 loss: 0.007325942628085613
2023-06-27 12:42:25,120 | train | INFO | batch: 400/437 loss: 0.0004046115791425109
2023-06-27 12:42:42,836 | train | INFO | --Val 25/50
2023-06-27 12:42:52,537 | train | INFO | batch: 0/187 loss: 0.0035851215943694115
2023-06-27 12:43:40,344 | train | INFO | batch: 100/187 loss: 0.19967550039291382
2023-06-27 12:44:23,786 | train | INFO | Write row 25
2023-06-27 12:44:25,699 | train | INFO | Early stopper, counter 3/10, best:0.9772727272727273 -> now:0.9764371657754011
2023-06-27 12:44:25,699 | train | INFO | --Train 26/50
2023-06-27 12:44:35,401 | train | INFO | batch: 0/437 loss: 2.6170764613198116e-06
2023-06-27 12:45:20,425 | train | INFO | batch: 100/437 loss: 1.2677801350946538e-05
2023-06-27 12:46:06,932 | train | INFO | batch: 200/437 loss: 3.1684262467024382e-06
2023-06-27 12:46:52,959 | train | INFO | batch: 300/437 loss: 0.0025548688136041164
2023-06-27 12:47:38,834 | train | INFO | batch: 400/437 loss: 0.0005975019303150475
2023-06-27 12:47:56,971 | train | INFO | --Val 26/50
2023-06-27 12:48:06,690 | train | INFO | batch: 0/187 loss: 0.009294319897890091
2023-06-27 12:48:52,514 | train | INFO | batch: 100/187 loss: 0.04526548832654953
2023-06-27 12:49:33,218 | train | INFO | Write row 26
2023-06-27 12:49:35,130 | train | INFO | Early stopper, counter 4/10, best:0.9772727272727273 -> now:0.9759358288770054
2023-06-27 12:49:35,132 | train | INFO | --Train 27/50
2023-06-27 12:49:44,077 | train | INFO | batch: 0/437 loss: 5.2529063395923004e-05
2023-06-27 12:50:29,265 | train | INFO | batch: 100/437 loss: 0.0003283329133410007
2023-06-27 12:51:14,685 | train | INFO | batch: 200/437 loss: 0.0004627541929949075
2023-06-27 12:52:00,665 | train | INFO | batch: 300/437 loss: 0.06737847626209259
2023-06-27 12:52:47,075 | train | INFO | batch: 400/437 loss: 0.0018320627277716994
2023-06-27 12:53:04,543 | train | INFO | --Val 27/50
2023-06-27 12:53:14,436 | train | INFO | batch: 0/187 loss: 0.18680383265018463
2023-06-27 12:54:00,206 | train | INFO | batch: 100/187 loss: 0.1309850960969925
2023-06-27 12:54:41,076 | train | INFO | Write row 27
2023-06-27 12:54:42,988 | train | INFO | Early stopper, counter 5/10, best:0.9772727272727273 -> now:0.9751002673796791
2023-06-27 12:54:42,988 | train | INFO | --Train 28/50
2023-06-27 12:54:51,776 | train | INFO | batch: 0/437 loss: 2.451298769301502e-06
2023-06-27 12:55:35,629 | train | INFO | batch: 100/437 loss: 0.0008027387084439397
2023-06-27 12:56:21,401 | train | INFO | batch: 200/437 loss: 0.0001033592561725527
2023-06-27 12:57:07,653 | train | INFO | batch: 300/437 loss: 0.0069078910164535046
2023-06-27 12:57:54,316 | train | INFO | batch: 400/437 loss: 0.03156357631087303
2023-06-27 12:58:11,792 | train | INFO | --Val 28/50
2023-06-27 12:58:21,475 | train | INFO | batch: 0/187 loss: 0.08958961069583893
2023-06-27 12:59:07,224 | train | INFO | batch: 100/187 loss: 0.04784210026264191
2023-06-27 12:59:48,078 | train | INFO | Write row 28
2023-06-27 12:59:50,015 | train | INFO | Early stopper, counter 6/10, best:0.9772727272727273 -> now:0.9742647058823529
2023-06-27 12:59:50,015 | train | INFO | --Train 29/50
2023-06-27 12:59:58,673 | train | INFO | batch: 0/437 loss: 1.0244621080346406e-06
2023-06-27 13:00:43,308 | train | INFO | batch: 100/437 loss: 0.00012910139048472047
2023-06-27 13:01:28,906 | train | INFO | batch: 200/437 loss: 3.133669088128954e-05
2023-06-27 13:02:14,891 | train | INFO | batch: 300/437 loss: 0.0038984951097518206
2023-06-27 13:03:00,571 | train | INFO | batch: 400/437 loss: 0.000290000083623454
2023-06-27 13:03:18,803 | train | INFO | --Val 29/50
2023-06-27 13:03:28,575 | train | INFO | batch: 0/187 loss: 0.003512445604428649
2023-06-27 13:04:14,518 | train | INFO | batch: 100/187 loss: 0.0025139201898127794
2023-06-27 13:04:55,262 | train | INFO | Write row 29
2023-06-27 13:04:57,494 | train | INFO | Early stopper, counter 0/10, best:0.9779411764705882 -> now:0.9779411764705882
2023-06-27 13:04:57,494 | train | INFO | Set counter as 0
2023-06-27 13:04:57,494 | train | INFO | Update best score as 0.9779411764705882
2023-06-27 13:04:57,714 | train | INFO | Recorder, epoch 29 Model saved: C:\Users\EHmin\Fake_or_Real\baseline\results\train\20230627_102907\model.pt
2023-06-27 13:04:57,714 | train | INFO | --Train 30/50
2023-06-27 13:05:06,635 | train | INFO | batch: 0/437 loss: 0.000260351225733757
2023-06-27 13:05:51,814 | train | INFO | batch: 100/437 loss: 8.829001103549672e-07
2023-06-27 13:06:38,116 | train | INFO | batch: 200/437 loss: 6.803863652748987e-05
2023-06-27 13:07:24,554 | train | INFO | batch: 300/437 loss: 0.00012012635852443054
2023-06-27 13:08:11,246 | train | INFO | batch: 400/437 loss: 0.0004302180605009198
2023-06-27 13:08:29,358 | train | INFO | --Val 30/50
2023-06-27 13:08:39,272 | train | INFO | batch: 0/187 loss: 0.051866717636585236
2023-06-27 13:09:25,442 | train | INFO | batch: 100/187 loss: 0.00870500411838293
2023-06-27 13:10:06,540 | train | INFO | Write row 30
2023-06-27 13:10:08,513 | train | INFO | Early stopper, counter 0/10, best:0.9786096256684492 -> now:0.9786096256684492
2023-06-27 13:10:08,513 | train | INFO | Set counter as 0
2023-06-27 13:10:08,513 | train | INFO | Update best score as 0.9786096256684492
2023-06-27 13:10:08,746 | train | INFO | Recorder, epoch 30 Model saved: C:\Users\EHmin\Fake_or_Real\baseline\results\train\20230627_102907\model.pt
2023-06-27 13:10:08,746 | train | INFO | --Train 31/50
2023-06-27 13:10:17,484 | train | INFO | batch: 0/437 loss: 7.772410026518628e-05
2023-06-27 13:11:02,738 | train | INFO | batch: 100/437 loss: 0.0003314213827252388
2023-06-27 13:11:49,090 | train | INFO | batch: 200/437 loss: 9.595492883818224e-05
2023-06-27 13:12:35,145 | train | INFO | batch: 300/437 loss: 0.00035945032141171396
2023-06-27 13:13:20,952 | train | INFO | batch: 400/437 loss: 0.0059091174043715
2023-06-27 13:13:38,467 | train | INFO | --Val 31/50
2023-06-27 13:13:48,164 | train | INFO | batch: 0/187 loss: 0.0008706054068170488
2023-06-27 13:14:34,345 | train | INFO | batch: 100/187 loss: 0.011052894406020641
2023-06-27 13:15:15,816 | train | INFO | Write row 31
2023-06-27 13:15:17,776 | train | INFO | Early stopper, counter 0/10, best:0.9789438502673797 -> now:0.9789438502673797
2023-06-27 13:15:17,776 | train | INFO | Set counter as 0
2023-06-27 13:15:17,776 | train | INFO | Update best score as 0.9789438502673797
2023-06-27 13:15:17,983 | train | INFO | Recorder, epoch 31 Model saved: C:\Users\EHmin\Fake_or_Real\baseline\results\train\20230627_102907\model.pt
2023-06-27 13:15:17,998 | train | INFO | --Train 32/50
2023-06-27 13:15:26,786 | train | INFO | batch: 0/437 loss: 0.0403025820851326
2023-06-27 13:16:11,796 | train | INFO | batch: 100/437 loss: 7.847770029911771e-05
2023-06-27 13:16:57,227 | train | INFO | batch: 200/437 loss: 0.00011439964146120474
2023-06-27 13:17:42,977 | train | INFO | batch: 300/437 loss: 0.009740118868649006
2023-06-27 13:18:29,311 | train | INFO | batch: 400/437 loss: 5.936456091149012e-06
2023-06-27 13:18:47,327 | train | INFO | --Val 32/50
2023-06-27 13:18:57,146 | train | INFO | batch: 0/187 loss: 0.16911551356315613
2023-06-27 13:19:42,618 | train | INFO | batch: 100/187 loss: 0.024377252906560898
2023-06-27 13:20:23,236 | train | INFO | Write row 32
2023-06-27 13:20:25,199 | train | INFO | Early stopper, counter 1/10, best:0.9789438502673797 -> now:0.9712566844919787
2023-06-27 13:20:25,199 | train | INFO | --Train 33/50
2023-06-27 13:20:34,126 | train | INFO | batch: 0/437 loss: 0.0005755068850703537
2023-06-27 13:21:18,704 | train | INFO | batch: 100/437 loss: 0.0012856031535193324
2023-06-27 13:22:04,748 | train | INFO | batch: 200/437 loss: 0.0002362701779929921
2023-06-27 13:22:51,117 | train | INFO | batch: 300/437 loss: 2.639876038301736e-05
2023-06-27 13:23:36,557 | train | INFO | batch: 400/437 loss: 4.46575868409127e-05
2023-06-27 13:23:53,945 | train | INFO | --Val 33/50
2023-06-27 13:24:03,589 | train | INFO | batch: 0/187 loss: 0.028339453041553497
2023-06-27 13:24:49,540 | train | INFO | batch: 100/187 loss: 0.03255581855773926
2023-06-27 13:25:30,442 | train | INFO | Write row 33
2023-06-27 13:25:32,493 | train | INFO | Early stopper, counter 2/10, best:0.9789438502673797 -> now:0.9766042780748663
2023-06-27 13:25:32,493 | train | INFO | --Train 34/50
2023-06-27 13:25:41,216 | train | INFO | batch: 0/437 loss: 0.018033601343631744
2023-06-27 13:26:26,336 | train | INFO | batch: 100/437 loss: 6.017318810336292e-05
2023-06-27 13:27:12,204 | train | INFO | batch: 200/437 loss: 1.986194183700718e-05
2023-06-27 13:27:57,958 | train | INFO | batch: 300/437 loss: 2.082720493490342e-05
2023-06-27 13:28:43,208 | train | INFO | batch: 400/437 loss: 0.035592131316661835
2023-06-27 13:29:01,490 | train | INFO | --Val 34/50
2023-06-27 13:29:11,114 | train | INFO | batch: 0/187 loss: 0.17671281099319458
2023-06-27 13:29:57,047 | train | INFO | batch: 100/187 loss: 0.00046960360486991704
2023-06-27 13:30:37,721 | train | INFO | Write row 34
2023-06-27 13:30:39,788 | train | INFO | Early stopper, counter 3/10, best:0.9789438502673797 -> now:0.9722593582887701
2023-06-27 13:30:39,788 | train | INFO | --Train 35/50
2023-06-27 13:30:48,519 | train | INFO | batch: 0/437 loss: 6.563994975294918e-05
2023-06-27 13:31:33,135 | train | INFO | batch: 100/437 loss: 0.00013565954577643424
2023-06-27 13:32:18,759 | train | INFO | batch: 200/437 loss: 6.83453163219383e-06
2023-06-27 13:33:05,079 | train | INFO | batch: 300/437 loss: 9.15622222237289e-05
2023-06-27 13:33:50,966 | train | INFO | batch: 400/437 loss: 8.67516610014718e-06
2023-06-27 13:34:08,795 | train | INFO | --Val 35/50
2023-06-27 13:34:18,588 | train | INFO | batch: 0/187 loss: 0.013283250853419304
2023-06-27 13:35:04,088 | train | INFO | batch: 100/187 loss: 0.007380074821412563
2023-06-27 13:35:44,760 | train | INFO | Write row 35
2023-06-27 13:35:46,818 | train | INFO | Early stopper, counter 0/10, best:0.9806149732620321 -> now:0.9806149732620321
2023-06-27 13:35:46,818 | train | INFO | Set counter as 0
2023-06-27 13:35:46,818 | train | INFO | Update best score as 0.9806149732620321
2023-06-27 13:35:47,069 | train | INFO | Recorder, epoch 35 Model saved: C:\Users\EHmin\Fake_or_Real\baseline\results\train\20230627_102907\model.pt
2023-06-27 13:35:47,069 | train | INFO | --Train 36/50
2023-06-27 13:35:55,840 | train | INFO | batch: 0/437 loss: 0.00016651747864671052
2023-06-27 13:36:40,808 | train | INFO | batch: 100/437 loss: 1.072220220521558e-05
2023-06-27 13:37:29,154 | train | INFO | batch: 200/437 loss: 6.521558589156484e-06
2023-06-27 13:38:17,447 | train | INFO | batch: 300/437 loss: 7.629960236954503e-06
2023-06-27 13:39:05,870 | train | INFO | batch: 400/437 loss: 1.862569297372829e-05
2023-06-27 13:39:24,325 | train | INFO | --Val 36/50
2023-06-27 13:39:34,138 | train | INFO | batch: 0/187 loss: 0.03271578997373581
2023-06-27 13:40:20,318 | train | INFO | batch: 100/187 loss: 0.024694960564374924
2023-06-27 13:41:01,368 | train | INFO | Write row 36
2023-06-27 13:41:03,400 | train | INFO | Early stopper, counter 0/10, best:0.9806149732620321 -> now:0.9806149732620321
2023-06-27 13:41:03,400 | train | INFO | Set counter as 0
2023-06-27 13:41:03,400 | train | INFO | Update best score as 0.9806149732620321
2023-06-27 13:41:03,630 | train | INFO | Recorder, epoch 36 Model saved: C:\Users\EHmin\Fake_or_Real\baseline\results\train\20230627_102907\model.pt
2023-06-27 13:41:03,630 | train | INFO | --Train 37/50
2023-06-27 13:41:12,358 | train | INFO | batch: 0/437 loss: 3.15409415634349e-05
2023-06-27 13:41:56,871 | train | INFO | batch: 100/437 loss: 4.172336502961116e-07
2023-06-27 13:42:42,105 | train | INFO | batch: 200/437 loss: 7.450585570722978e-08
2023-06-27 13:43:28,717 | train | INFO | batch: 300/437 loss: 3.5017825439354056e-07
2023-06-27 13:44:14,953 | train | INFO | batch: 400/437 loss: 5.255913856672123e-05
2023-06-27 13:44:33,053 | train | INFO | --Val 37/50
2023-06-27 13:44:42,814 | train | INFO | batch: 0/187 loss: 0.009517974220216274
2023-06-27 13:45:29,317 | train | INFO | batch: 100/187 loss: 0.12196250259876251
2023-06-27 13:46:10,018 | train | INFO | Write row 37
2023-06-27 13:46:12,464 | train | INFO | Early stopper, counter 1/10, best:0.9806149732620321 -> now:0.9692513368983957
2023-06-27 13:46:12,464 | train | INFO | --Train 38/50
2023-06-27 13:46:21,224 | train | INFO | batch: 0/437 loss: 0.0024315440095961094
2023-06-27 13:47:05,333 | train | INFO | batch: 100/437 loss: 0.00012875023821834475
2023-06-27 13:47:50,897 | train | INFO | batch: 200/437 loss: 0.0004305978654883802
2023-06-27 13:48:36,199 | train | INFO | batch: 300/437 loss: 0.0012476351112127304
2023-06-27 13:49:22,262 | train | INFO | batch: 400/437 loss: 1.6680820408510044e-05
2023-06-27 13:49:40,311 | train | INFO | --Val 38/50
2023-06-27 13:49:48,925 | train | INFO | batch: 0/187 loss: 0.00013944512465968728
2023-06-27 13:50:34,686 | train | INFO | batch: 100/187 loss: 0.0035625044256448746
2023-06-27 13:51:15,485 | train | INFO | Write row 38
2023-06-27 13:51:17,596 | train | INFO | Early stopper, counter 2/10, best:0.9806149732620321 -> now:0.9804478609625669
2023-06-27 13:51:17,596 | train | INFO | --Train 39/50
2023-06-27 13:51:26,335 | train | INFO | batch: 0/437 loss: 1.969219374586828e-05
2023-06-27 13:52:10,328 | train | INFO | batch: 100/437 loss: 1.8328536270928453e-06
2023-06-27 13:52:55,184 | train | INFO | batch: 200/437 loss: 0.035577744245529175
2023-06-27 13:53:41,196 | train | INFO | batch: 300/437 loss: 0.00041121902177110314
2023-06-27 13:54:27,193 | train | INFO | batch: 400/437 loss: 0.03934551402926445
2023-06-27 13:54:44,888 | train | INFO | --Val 39/50
2023-06-27 13:54:53,429 | train | INFO | batch: 0/187 loss: 0.0019230112666264176
2023-06-27 13:55:39,570 | train | INFO | batch: 100/187 loss: 0.011056113988161087
2023-06-27 13:56:20,739 | train | INFO | Write row 39
2023-06-27 13:56:22,952 | train | INFO | Early stopper, counter 3/10, best:0.9806149732620321 -> now:0.977105614973262
2023-06-27 13:56:22,952 | train | INFO | --Train 40/50
2023-06-27 13:56:31,669 | train | INFO | batch: 0/437 loss: 2.8359267162159085e-05
2023-06-27 13:57:15,834 | train | INFO | batch: 100/437 loss: 0.0003557307063601911
2023-06-27 13:58:01,508 | train | INFO | batch: 200/437 loss: 0.0004467727558221668
2023-06-27 13:58:47,966 | train | INFO | batch: 300/437 loss: 0.00021636042220052332
2023-06-27 13:59:34,321 | train | INFO | batch: 400/437 loss: 3.6718200135510415e-05
2023-06-27 13:59:55,328 | train | INFO | --Val 40/50
2023-06-27 14:00:04,509 | train | INFO | batch: 0/187 loss: 0.09592804312705994
2023-06-27 14:00:52,842 | train | INFO | batch: 100/187 loss: 0.0011119625996798277
2023-06-27 14:01:36,217 | train | INFO | Write row 40
2023-06-27 14:01:38,408 | train | INFO | Early stopper, counter 4/10, best:0.9806149732620321 -> now:0.97576871657754
2023-06-27 14:01:38,408 | train | INFO | --Train 41/50
2023-06-27 14:01:47,353 | train | INFO | batch: 0/437 loss: 0.0003402033762540668
2023-06-27 14:02:35,914 | train | INFO | batch: 100/437 loss: 0.009892487898468971
2023-06-27 14:03:25,573 | train | INFO | batch: 200/437 loss: 0.00011706249642884359
2023-06-27 14:04:14,113 | train | INFO | batch: 300/437 loss: 6.910379306646064e-05
2023-06-27 14:05:03,233 | train | INFO | batch: 400/437 loss: 0.00021130804088898003
2023-06-27 14:05:21,760 | train | INFO | --Val 41/50
2023-06-27 14:05:32,205 | train | INFO | batch: 0/187 loss: 0.036327000707387924
2023-06-27 14:06:19,296 | train | INFO | batch: 100/187 loss: 0.014264390803873539
2023-06-27 14:07:00,396 | train | INFO | Write row 41
2023-06-27 14:07:02,721 | train | INFO | Early stopper, counter 5/10, best:0.9806149732620321 -> now:0.977105614973262
2023-06-27 14:07:02,729 | train | INFO | --Train 42/50
2023-06-27 14:07:11,647 | train | INFO | batch: 0/437 loss: 4.146456194575876e-05
2023-06-27 14:07:56,063 | train | INFO | batch: 100/437 loss: 0.0012634648010134697
2023-06-27 14:08:41,969 | train | INFO | batch: 200/437 loss: 0.0006482528406195343
2023-06-27 14:09:28,817 | train | INFO | batch: 300/437 loss: 2.602167114673648e-06
2023-06-27 14:10:14,894 | train | INFO | batch: 400/437 loss: 0.00010380516323493794
2023-06-27 14:10:32,980 | train | INFO | --Val 42/50
2023-06-27 14:10:41,927 | train | INFO | batch: 0/187 loss: 0.0024446577299386263
2023-06-27 14:11:28,367 | train | INFO | batch: 100/187 loss: 0.011204960756003857
2023-06-27 14:12:09,289 | train | INFO | Write row 42
2023-06-27 14:12:11,457 | train | INFO | Early stopper, counter 6/10, best:0.9806149732620321 -> now:0.9786096256684492
2023-06-27 14:12:11,457 | train | INFO | --Train 43/50
2023-06-27 14:12:20,378 | train | INFO | batch: 0/437 loss: 1.1591208931349684e-05
2023-06-27 14:13:05,330 | train | INFO | batch: 100/437 loss: 3.4403603876853595e-06
2023-06-27 14:13:51,235 | train | INFO | batch: 200/437 loss: 0.0036576618440449238
2023-06-27 14:14:37,314 | train | INFO | batch: 300/437 loss: 0.0006020769360475242
2023-06-27 14:15:23,655 | train | INFO | batch: 400/437 loss: 0.0001057597910403274
2023-06-27 14:15:41,835 | train | INFO | --Val 43/50
2023-06-27 14:15:50,666 | train | INFO | batch: 0/187 loss: 0.134046271443367
2023-06-27 14:16:37,156 | train | INFO | batch: 100/187 loss: 0.16857264935970306
2023-06-27 14:17:17,990 | train | INFO | Write row 43
2023-06-27 14:17:20,225 | train | INFO | Early stopper, counter 7/10, best:0.9806149732620321 -> now:0.9767713903743316
2023-06-27 14:17:20,225 | train | INFO | --Train 44/50
2023-06-27 14:17:29,061 | train | INFO | batch: 0/437 loss: 9.81164976110449e-06
2023-06-27 14:18:13,713 | train | INFO | batch: 100/437 loss: 0.0002465516154188663
2023-06-27 14:18:59,668 | train | INFO | batch: 200/437 loss: 0.00026217251433990896
2023-06-27 14:19:46,230 | train | INFO | batch: 300/437 loss: 6.517903239000589e-05
2023-06-27 14:20:32,456 | train | INFO | batch: 400/437 loss: 5.997768539600656e-07
2023-06-27 14:20:50,604 | train | INFO | --Val 44/50
2023-06-27 14:20:59,331 | train | INFO | batch: 0/187 loss: 0.18427374958992004
2023-06-27 14:21:45,904 | train | INFO | batch: 100/187 loss: 0.014982936903834343
2023-06-27 14:22:27,018 | train | INFO | Write row 44
2023-06-27 14:22:29,323 | train | INFO | Early stopper, counter 8/10, best:0.9806149732620321 -> now:0.9784425133689839
2023-06-27 14:22:29,323 | train | INFO | --Train 45/50
2023-06-27 14:22:38,188 | train | INFO | batch: 0/437 loss: 0.00022904244542587548
2023-06-27 14:23:22,698 | train | INFO | batch: 100/437 loss: 3.680235022329725e-05
2023-06-27 14:24:08,212 | train | INFO | batch: 200/437 loss: 4.425721999723464e-05
2023-06-27 14:24:54,970 | train | INFO | batch: 300/437 loss: 0.00011989222548436373
2023-06-27 14:25:42,074 | train | INFO | batch: 400/437 loss: 0.0012047847267240286
2023-06-27 14:26:00,924 | train | INFO | --Val 45/50
2023-06-27 14:26:10,060 | train | INFO | batch: 0/187 loss: 0.0032596297096461058
2023-06-27 14:26:57,299 | train | INFO | batch: 100/187 loss: 0.13483305275440216
2023-06-27 14:27:40,212 | train | INFO | Write row 45
2023-06-27 14:27:42,458 | train | INFO | Early stopper, counter 9/10, best:0.9806149732620321 -> now:0.9769385026737968
2023-06-27 14:27:42,458 | train | INFO | --Train 46/50
2023-06-27 14:27:51,499 | train | INFO | batch: 0/437 loss: 1.0635541912051849e-05
2023-06-27 14:28:36,222 | train | INFO | batch: 100/437 loss: 0.020525077357888222
2023-06-27 14:29:22,315 | train | INFO | batch: 200/437 loss: 0.0012414265656843781
2023-06-27 14:30:08,898 | train | INFO | batch: 300/437 loss: 0.00265284045599401
2023-06-27 14:30:55,508 | train | INFO | batch: 400/437 loss: 0.0012754016788676381
2023-06-27 14:31:13,818 | train | INFO | --Val 46/50
2023-06-27 14:31:22,785 | train | INFO | batch: 0/187 loss: 0.008712098933756351
2023-06-27 14:32:09,136 | train | INFO | batch: 100/187 loss: 0.020943425595760345
2023-06-27 14:32:50,350 | train | INFO | Write row 46
2023-06-27 14:32:53,506 | train | INFO | Early stopper, counter 10/10, best:0.9806149732620321 -> now:0.9791109625668449
2023-06-27 14:32:53,506 | train | INFO | --Train 47/50
2023-06-27 14:33:04,370 | train | INFO | batch: 0/437 loss: 3.013798504980514e-06
2023-06-27 14:33:53,496 | train | INFO | batch: 100/437 loss: 0.014947783201932907
2023-06-27 14:34:43,037 | train | INFO | batch: 200/437 loss: 0.0008028344018384814
2023-06-27 14:35:34,194 | train | INFO | batch: 300/437 loss: 8.866230700732558e-07
2023-06-27 14:36:26,973 | train | INFO | batch: 400/437 loss: 0.00039731411379761994
2023-06-27 14:36:46,764 | train | INFO | --Val 47/50
2023-06-27 14:36:58,423 | train | INFO | batch: 0/187 loss: 0.04766381159424782
2023-06-27 14:37:48,844 | train | INFO | batch: 100/187 loss: 0.025525368750095367
2023-06-27 14:38:32,521 | train | INFO | Write row 47
2023-06-27 14:38:34,919 | train | INFO | Early stopper, counter 11/10, best:0.9806149732620321 -> now:0.977105614973262
2023-06-27 14:38:34,920 | train | INFO | --Train 48/50
2023-06-27 14:38:44,135 | train | INFO | batch: 0/437 loss: 1.248772423423361e-05
2023-06-27 14:39:30,754 | train | INFO | batch: 100/437 loss: 7.92147038737312e-05
2023-06-27 14:40:17,233 | train | INFO | batch: 200/437 loss: 2.117893700415152e-06
2023-06-27 14:41:03,829 | train | INFO | batch: 300/437 loss: 1.3696459063794464e-05
2023-06-27 14:41:50,684 | train | INFO | batch: 400/437 loss: 0.05389004200696945
2023-06-27 14:42:08,608 | train | INFO | --Val 48/50
2023-06-27 14:42:17,372 | train | INFO | batch: 0/187 loss: 0.02177022211253643
2023-06-27 14:43:03,803 | train | INFO | batch: 100/187 loss: 0.016212383285164833
2023-06-27 14:43:44,791 | train | INFO | Write row 48
2023-06-27 14:43:47,166 | train | INFO | Early stopper, counter 12/10, best:0.9806149732620321 -> now:0.9796122994652406
2023-06-27 14:43:47,167 | train | INFO | --Train 49/50
2023-06-27 14:43:55,976 | train | INFO | batch: 0/437 loss: 0.0008809525752440095
2023-06-27 14:44:40,304 | train | INFO | batch: 100/437 loss: 0.0002909474424086511
2023-06-27 14:45:25,318 | train | INFO | batch: 200/437 loss: 3.855770955851767e-06
2023-06-27 14:46:11,518 | train | INFO | batch: 300/437 loss: 0.0033471807837486267
2023-06-27 14:46:58,570 | train | INFO | batch: 400/437 loss: 0.000828360382001847
2023-06-27 14:47:16,629 | train | INFO | --Val 49/50
2023-06-27 14:47:25,281 | train | INFO | batch: 0/187 loss: 0.00020440435037016869
2023-06-27 14:48:11,424 | train | INFO | batch: 100/187 loss: 0.12392301857471466
2023-06-27 14:48:52,278 | train | INFO | Write row 49
2023-06-27 14:48:54,634 | train | INFO | Early stopper, counter 13/10, best:0.9806149732620321 -> now:0.977105614973262
2023-06-27 14:48:54,898 | train | INFO | Recorder, epoch 49 Model saved: C:\Users\EHmin\Fake_or_Real\baseline\results\train\20230627_102907\model.pt
